{"/home/jenkins/agent/workspace/ls-text-description_release_2.26/Components/cells-text-description/release-2.26/cells-text-description.js": {"path":"/home/jenkins/agent/workspace/ls-text-description_release_2.26/Components/cells-text-description/release-2.26/cells-text-description.js","statementMap":{"0":{"start":{"line":4,"column":6},"end":{"line":4,"column":13}},"1":{"start":{"line":71,"column":6},"end":{"line":71,"column":38}},"2":{"start":{"line":75,"column":6},"end":{"line":153,"column":8}},"3":{"start":{"line":157,"column":6},"end":{"line":159,"column":8}},"4":{"start":{"line":165,"column":17},"end":{"line":173,"column":7}},"5":{"start":{"line":174,"column":6},"end":{"line":174,"column":40}},"6":{"start":{"line":182,"column":6},"end":{"line":185,"column":10}},"7":{"start":{"line":193,"column":6},"end":{"line":196,"column":10}},"8":{"start":{"line":204,"column":6},"end":{"line":207,"column":10}},"9":{"start":{"line":215,"column":6},"end":{"line":215,"column":37}},"10":{"start":{"line":222,"column":6},"end":{"line":222,"column":41}},"11":{"start":{"line":226,"column":2},"end":{"line":226,"column":71}}},"fnMap":{"0":{"name":"(anonymous_0)","decl":{"start":{"line":70,"column":4},"end":{"line":70,"column":5}},"loc":{"start":{"line":70,"column":20},"end":{"line":72,"column":5}},"line":70},"1":{"name":"(anonymous_1)","decl":{"start":{"line":74,"column":4},"end":{"line":74,"column":5}},"loc":{"start":{"line":74,"column":28},"end":{"line":154,"column":5}},"line":74},"2":{"name":"(anonymous_2)","decl":{"start":{"line":156,"column":4},"end":{"line":156,"column":5}},"loc":{"start":{"line":156,"column":27},"end":{"line":160,"column":5}},"line":156},"3":{"name":"(anonymous_3)","decl":{"start":{"line":164,"column":4},"end":{"line":164,"column":5}},"loc":{"start":{"line":164,"column":116},"end":{"line":175,"column":5}},"line":164},"4":{"name":"(anonymous_4)","decl":{"start":{"line":181,"column":4},"end":{"line":181,"column":5}},"loc":{"start":{"line":181,"column":19},"end":{"line":186,"column":5}},"line":181},"5":{"name":"(anonymous_5)","decl":{"start":{"line":192,"column":4},"end":{"line":192,"column":5}},"loc":{"start":{"line":192,"column":19},"end":{"line":197,"column":5}},"line":192},"6":{"name":"(anonymous_6)","decl":{"start":{"line":203,"column":4},"end":{"line":203,"column":5}},"loc":{"start":{"line":203,"column":30},"end":{"line":208,"column":5}},"line":203},"7":{"name":"(anonymous_7)","decl":{"start":{"line":214,"column":4},"end":{"line":214,"column":5}},"loc":{"start":{"line":214,"column":27},"end":{"line":216,"column":5}},"line":214},"8":{"name":"(anonymous_8)","decl":{"start":{"line":221,"column":4},"end":{"line":221,"column":5}},"loc":{"start":{"line":221,"column":21},"end":{"line":223,"column":5}},"line":221}},"branchMap":{"0":{"loc":{"start":{"line":166,"column":8},"end":{"line":166,"column":48}},"type":"cond-expr","locations":[{"start":{"line":166,"column":25},"end":{"line":166,"column":43}},{"start":{"line":166,"column":46},"end":{"line":166,"column":48}}],"line":166},"1":{"loc":{"start":{"line":167,"column":8},"end":{"line":167,"column":30}},"type":"cond-expr","locations":[{"start":{"line":167,"column":16},"end":{"line":167,"column":25}},{"start":{"line":167,"column":28},"end":{"line":167,"column":30}}],"line":167},"2":{"loc":{"start":{"line":168,"column":8},"end":{"line":168,"column":36}},"type":"cond-expr","locations":[{"start":{"line":168,"column":19},"end":{"line":168,"column":31}},{"start":{"line":168,"column":34},"end":{"line":168,"column":36}}],"line":168},"3":{"loc":{"start":{"line":169,"column":8},"end":{"line":169,"column":50}},"type":"cond-expr","locations":[{"start":{"line":169,"column":26},"end":{"line":169,"column":45}},{"start":{"line":169,"column":48},"end":{"line":169,"column":50}}],"line":169},"4":{"loc":{"start":{"line":170,"column":8},"end":{"line":170,"column":60}},"type":"cond-expr","locations":[{"start":{"line":170,"column":31},"end":{"line":170,"column":55}},{"start":{"line":170,"column":58},"end":{"line":170,"column":60}}],"line":170},"5":{"loc":{"start":{"line":171,"column":8},"end":{"line":171,"column":28}},"type":"cond-expr","locations":[{"start":{"line":171,"column":15},"end":{"line":171,"column":23}},{"start":{"line":171,"column":26},"end":{"line":171,"column":28}}],"line":171},"6":{"loc":{"start":{"line":172,"column":8},"end":{"line":172,"column":50}},"type":"cond-expr","locations":[{"start":{"line":172,"column":26},"end":{"line":172,"column":45}},{"start":{"line":172,"column":48},"end":{"line":172,"column":50}}],"line":172},"7":{"loc":{"start":{"line":222,"column":13},"end":{"line":222,"column":40}},"type":"binary-expr","locations":[{"start":{"line":222,"column":13},"end":{"line":222,"column":22}},{"start":{"line":222,"column":26},"end":{"line":222,"column":40}}],"line":222}},"s":{"0":2,"1":6,"2":2,"3":2,"4":30,"5":30,"6":2,"7":2,"8":2,"9":4,"10":12,"11":2},"f":{"0":6,"1":2,"2":2,"3":30,"4":2,"5":2,"6":2,"7":4,"8":12},"b":{"0":[0,30],"1":[18,12],"2":[18,12],"3":[14,16],"4":[6,24],"5":[4,26],"6":[0,30],"7":[12,2]},"_coverageSchema":"43e27e138ebf9cfc5966b082cf9a028302ed4184","hash":"a7a547613e22d693c0c8c8084ae012c0ffa8a312"}
}
