TN:
SF:/home/jenkins/agent/workspace/ls-text-description_release_2.26/Components/cells-text-description/release-2.26/cells-text-description.js
FN:70,(anonymous_0)
FN:74,(anonymous_1)
FN:156,(anonymous_2)
FN:164,(anonymous_3)
FN:181,(anonymous_4)
FN:192,(anonymous_5)
FN:203,(anonymous_6)
FN:214,(anonymous_7)
FN:221,(anonymous_8)
FNF:9
FNH:9
FNDA:6,(anonymous_0)
FNDA:2,(anonymous_1)
FNDA:2,(anonymous_2)
FNDA:30,(anonymous_3)
FNDA:2,(anonymous_4)
FNDA:2,(anonymous_5)
FNDA:2,(anonymous_6)
FNDA:4,(anonymous_7)
FNDA:12,(anonymous_8)
DA:4,2
DA:71,6
DA:75,2
DA:157,2
DA:165,30
DA:174,30
DA:182,2
DA:193,2
DA:204,2
DA:215,4
DA:222,12
DA:226,2
LF:12
LH:12
BRDA:166,0,0,0
BRDA:166,0,1,30
BRDA:167,1,0,18
BRDA:167,1,1,12
BRDA:168,2,0,18
BRDA:168,2,1,12
BRDA:169,3,0,14
BRDA:169,3,1,16
BRDA:170,4,0,6
BRDA:170,4,1,24
BRDA:171,5,0,4
BRDA:171,5,1,26
BRDA:172,6,0,0
BRDA:172,6,1,30
BRDA:222,7,0,12
BRDA:222,7,1,2
BRF:16
BRH:14
end_of_record
