{"/home/jenkins/agent/workspace/lidate-amount-input_release_1.13/Components/cells-validate-amount-input/release-1.13/cells-validate-amount-input.js": {"path":"/home/jenkins/agent/workspace/lidate-amount-input_release_1.13/Components/cells-validate-amount-input/release-1.13/cells-validate-amount-input.js","statementMap":{"0":{"start":{"line":89,"column":6},"end":{"line":89,"column":43}},"1":{"start":{"line":93,"column":6},"end":{"line":449,"column":8}},"2":{"start":{"line":453,"column":6},"end":{"line":455,"column":8}},"3":{"start":{"line":462,"column":6},"end":{"line":462,"column":65}},"4":{"start":{"line":470,"column":19},"end":{"line":470,"column":40}},"5":{"start":{"line":471,"column":6},"end":{"line":474,"column":7}},"6":{"start":{"line":473,"column":8},"end":{"line":473,"column":15}},"7":{"start":{"line":475,"column":6},"end":{"line":479,"column":7}},"8":{"start":{"line":476,"column":8},"end":{"line":476,"column":48}},"9":{"start":{"line":477,"column":8},"end":{"line":477,"column":27}},"10":{"start":{"line":478,"column":8},"end":{"line":478,"column":15}},"11":{"start":{"line":480,"column":24},"end":{"line":484,"column":41}},"12":{"start":{"line":484,"column":21},"end":{"line":484,"column":40}},"13":{"start":{"line":486,"column":38},"end":{"line":486,"column":97}},"14":{"start":{"line":488,"column":6},"end":{"line":488,"column":26}},"15":{"start":{"line":489,"column":6},"end":{"line":489,"column":66}},"16":{"start":{"line":491,"column":6},"end":{"line":495,"column":7}},"17":{"start":{"line":492,"column":8},"end":{"line":494,"column":11}},"18":{"start":{"line":502,"column":6},"end":{"line":505,"column":7}},"19":{"start":{"line":503,"column":8},"end":{"line":503,"column":25}},"20":{"start":{"line":504,"column":8},"end":{"line":504,"column":15}},"21":{"start":{"line":507,"column":21},"end":{"line":507,"column":31}},"22":{"start":{"line":508,"column":6},"end":{"line":512,"column":7}},"23":{"start":{"line":509,"column":8},"end":{"line":509,"column":27}},"24":{"start":{"line":510,"column":8},"end":{"line":510,"column":33}},"25":{"start":{"line":511,"column":8},"end":{"line":511,"column":15}},"26":{"start":{"line":513,"column":36},"end":{"line":513,"column":106}},"27":{"start":{"line":514,"column":6},"end":{"line":514,"column":26}},"28":{"start":{"line":515,"column":6},"end":{"line":515,"column":39}},"29":{"start":{"line":525,"column":20},"end":{"line":525,"column":72}},"30":{"start":{"line":526,"column":27},"end":{"line":526,"column":77}},"31":{"start":{"line":527,"column":6},"end":{"line":530,"column":8}},"32":{"start":{"line":540,"column":20},"end":{"line":540,"column":61}},"33":{"start":{"line":541,"column":27},"end":{"line":541,"column":73}},"34":{"start":{"line":542,"column":6},"end":{"line":545,"column":8}},"35":{"start":{"line":556,"column":6},"end":{"line":562,"column":7}},"36":{"start":{"line":557,"column":30},"end":{"line":560,"column":43}},"37":{"start":{"line":560,"column":23},"end":{"line":560,"column":42}},"38":{"start":{"line":561,"column":8},"end":{"line":561,"column":63}},"39":{"start":{"line":572,"column":20},"end":{"line":572,"column":48}},"40":{"start":{"line":573,"column":27},"end":{"line":573,"column":100}},"41":{"start":{"line":574,"column":6},"end":{"line":577,"column":8}},"42":{"start":{"line":587,"column":20},"end":{"line":587,"column":48}},"43":{"start":{"line":588,"column":27},"end":{"line":588,"column":100}},"44":{"start":{"line":589,"column":6},"end":{"line":592,"column":8}},"45":{"start":{"line":601,"column":6},"end":{"line":601,"column":57}},"46":{"start":{"line":617,"column":6},"end":{"line":623,"column":9}},"47":{"start":{"line":634,"column":6},"end":{"line":636,"column":7}},"48":{"start":{"line":635,"column":8},"end":{"line":635,"column":18}},"49":{"start":{"line":637,"column":6},"end":{"line":639,"column":7}},"50":{"start":{"line":638,"column":8},"end":{"line":638,"column":61}},"51":{"start":{"line":640,"column":6},"end":{"line":640,"column":50}},"52":{"start":{"line":649,"column":6},"end":{"line":649,"column":51}},"53":{"start":{"line":657,"column":6},"end":{"line":657,"column":57}},"54":{"start":{"line":661,"column":6},"end":{"line":665,"column":10}},"55":{"start":{"line":674,"column":6},"end":{"line":677,"column":7}},"56":{"start":{"line":675,"column":8},"end":{"line":675,"column":38}},"57":{"start":{"line":676,"column":8},"end":{"line":676,"column":15}},"58":{"start":{"line":678,"column":6},"end":{"line":678,"column":37}},"59":{"start":{"line":688,"column":6},"end":{"line":688,"column":56}},"60":{"start":{"line":697,"column":6},"end":{"line":697,"column":21}},"61":{"start":{"line":704,"column":6},"end":{"line":706,"column":7}},"62":{"start":{"line":705,"column":8},"end":{"line":705,"column":26}},"63":{"start":{"line":707,"column":6},"end":{"line":707,"column":19}},"64":{"start":{"line":714,"column":6},"end":{"line":716,"column":7}},"65":{"start":{"line":715,"column":8},"end":{"line":715,"column":44}},"66":{"start":{"line":723,"column":6},"end":{"line":725,"column":7}},"67":{"start":{"line":724,"column":8},"end":{"line":724,"column":50}},"68":{"start":{"line":729,"column":2},"end":{"line":729,"column":86}}},"fnMap":{"0":{"name":"(anonymous_0)","decl":{"start":{"line":88,"column":4},"end":{"line":88,"column":5}},"loc":{"start":{"line":88,"column":20},"end":{"line":90,"column":5}},"line":88},"1":{"name":"(anonymous_1)","decl":{"start":{"line":92,"column":4},"end":{"line":92,"column":5}},"loc":{"start":{"line":92,"column":28},"end":{"line":450,"column":5}},"line":92},"2":{"name":"(anonymous_2)","decl":{"start":{"line":452,"column":4},"end":{"line":452,"column":5}},"loc":{"start":{"line":452,"column":27},"end":{"line":456,"column":5}},"line":452},"3":{"name":"(anonymous_3)","decl":{"start":{"line":461,"column":4},"end":{"line":461,"column":5}},"loc":{"start":{"line":461,"column":12},"end":{"line":463,"column":5}},"line":461},"4":{"name":"(anonymous_4)","decl":{"start":{"line":469,"column":4},"end":{"line":469,"column":5}},"loc":{"start":{"line":469,"column":19},"end":{"line":496,"column":5}},"line":469},"5":{"name":"(anonymous_5)","decl":{"start":{"line":484,"column":13},"end":{"line":484,"column":14}},"loc":{"start":{"line":484,"column":21},"end":{"line":484,"column":40}},"line":484},"6":{"name":"(anonymous_6)","decl":{"start":{"line":501,"column":4},"end":{"line":501,"column":5}},"loc":{"start":{"line":501,"column":35},"end":{"line":516,"column":5}},"line":501},"7":{"name":"(anonymous_7)","decl":{"start":{"line":524,"column":4},"end":{"line":524,"column":5}},"loc":{"start":{"line":524,"column":60},"end":{"line":531,"column":5}},"line":524},"8":{"name":"(anonymous_8)","decl":{"start":{"line":539,"column":4},"end":{"line":539,"column":5}},"loc":{"start":{"line":539,"column":54},"end":{"line":546,"column":5}},"line":539},"9":{"name":"(anonymous_9)","decl":{"start":{"line":555,"column":4},"end":{"line":555,"column":5}},"loc":{"start":{"line":555,"column":55},"end":{"line":563,"column":5}},"line":555},"10":{"name":"(anonymous_10)","decl":{"start":{"line":560,"column":15},"end":{"line":560,"column":16}},"loc":{"start":{"line":560,"column":23},"end":{"line":560,"column":42}},"line":560},"11":{"name":"(anonymous_11)","decl":{"start":{"line":571,"column":4},"end":{"line":571,"column":5}},"loc":{"start":{"line":571,"column":44},"end":{"line":578,"column":5}},"line":571},"12":{"name":"(anonymous_12)","decl":{"start":{"line":586,"column":4},"end":{"line":586,"column":5}},"loc":{"start":{"line":586,"column":44},"end":{"line":593,"column":5}},"line":586},"13":{"name":"(anonymous_13)","decl":{"start":{"line":600,"column":4},"end":{"line":600,"column":5}},"loc":{"start":{"line":600,"column":45},"end":{"line":602,"column":5}},"line":600},"14":{"name":"(anonymous_14)","decl":{"start":{"line":616,"column":4},"end":{"line":616,"column":5}},"loc":{"start":{"line":616,"column":153},"end":{"line":624,"column":5}},"line":616},"15":{"name":"(anonymous_15)","decl":{"start":{"line":633,"column":4},"end":{"line":633,"column":5}},"loc":{"start":{"line":633,"column":96},"end":{"line":641,"column":5}},"line":633},"16":{"name":"(anonymous_16)","decl":{"start":{"line":648,"column":4},"end":{"line":648,"column":5}},"loc":{"start":{"line":648,"column":51},"end":{"line":650,"column":5}},"line":648},"17":{"name":"(anonymous_17)","decl":{"start":{"line":656,"column":4},"end":{"line":656,"column":5}},"loc":{"start":{"line":656,"column":24},"end":{"line":658,"column":5}},"line":656},"18":{"name":"(anonymous_18)","decl":{"start":{"line":660,"column":4},"end":{"line":660,"column":5}},"loc":{"start":{"line":660,"column":34},"end":{"line":666,"column":5}},"line":660},"19":{"name":"(anonymous_19)","decl":{"start":{"line":673,"column":4},"end":{"line":673,"column":5}},"loc":{"start":{"line":673,"column":39},"end":{"line":679,"column":5}},"line":673},"20":{"name":"(anonymous_20)","decl":{"start":{"line":687,"column":4},"end":{"line":687,"column":5}},"loc":{"start":{"line":687,"column":60},"end":{"line":689,"column":5}},"line":687},"21":{"name":"(anonymous_21)","decl":{"start":{"line":696,"column":4},"end":{"line":696,"column":5}},"loc":{"start":{"line":696,"column":24},"end":{"line":698,"column":5}},"line":696},"22":{"name":"(anonymous_22)","decl":{"start":{"line":703,"column":4},"end":{"line":703,"column":5}},"loc":{"start":{"line":703,"column":28},"end":{"line":708,"column":5}},"line":703},"23":{"name":"(anonymous_23)","decl":{"start":{"line":713,"column":4},"end":{"line":713,"column":5}},"loc":{"start":{"line":713,"column":17},"end":{"line":717,"column":5}},"line":713},"24":{"name":"(anonymous_24)","decl":{"start":{"line":722,"column":4},"end":{"line":722,"column":5}},"loc":{"start":{"line":722,"column":45},"end":{"line":726,"column":5}},"line":722}},"branchMap":{"0":{"loc":{"start":{"line":471,"column":6},"end":{"line":474,"column":7}},"type":"if","locations":[{"start":{"line":471,"column":6},"end":{"line":474,"column":7}},{"start":{"line":471,"column":6},"end":{"line":474,"column":7}}],"line":471},"1":{"loc":{"start":{"line":471,"column":10},"end":{"line":472,"column":53}},"type":"binary-expr","locations":[{"start":{"line":471,"column":11},"end":{"line":471,"column":30}},{"start":{"line":471,"column":34},"end":{"line":471,"column":64}},{"start":{"line":472,"column":7},"end":{"line":472,"column":22}},{"start":{"line":472,"column":26},"end":{"line":472,"column":52}}],"line":471},"2":{"loc":{"start":{"line":475,"column":6},"end":{"line":479,"column":7}},"type":"if","locations":[{"start":{"line":475,"column":6},"end":{"line":479,"column":7}},{"start":{"line":475,"column":6},"end":{"line":479,"column":7}}],"line":475},"3":{"loc":{"start":{"line":475,"column":10},"end":{"line":475,"column":43}},"type":"binary-expr","locations":[{"start":{"line":475,"column":10},"end":{"line":475,"column":22}},{"start":{"line":475,"column":26},"end":{"line":475,"column":43}}],"line":475},"4":{"loc":{"start":{"line":484,"column":21},"end":{"line":484,"column":40}},"type":"binary-expr","locations":[{"start":{"line":484,"column":21},"end":{"line":484,"column":25}},{"start":{"line":484,"column":29},"end":{"line":484,"column":40}}],"line":484},"5":{"loc":{"start":{"line":486,"column":38},"end":{"line":486,"column":97}},"type":"cond-expr","locations":[{"start":{"line":486,"column":50},"end":{"line":486,"column":59}},{"start":{"line":486,"column":62},"end":{"line":486,"column":97}}],"line":486},"6":{"loc":{"start":{"line":489,"column":26},"end":{"line":489,"column":65}},"type":"binary-expr","locations":[{"start":{"line":489,"column":26},"end":{"line":489,"column":49}},{"start":{"line":489,"column":53},"end":{"line":489,"column":65}}],"line":489},"7":{"loc":{"start":{"line":491,"column":6},"end":{"line":495,"column":7}},"type":"if","locations":[{"start":{"line":491,"column":6},"end":{"line":495,"column":7}},{"start":{"line":491,"column":6},"end":{"line":495,"column":7}}],"line":491},"8":{"loc":{"start":{"line":502,"column":6},"end":{"line":505,"column":7}},"type":"if","locations":[{"start":{"line":502,"column":6},"end":{"line":505,"column":7}},{"start":{"line":502,"column":6},"end":{"line":505,"column":7}}],"line":502},"9":{"loc":{"start":{"line":508,"column":6},"end":{"line":512,"column":7}},"type":"if","locations":[{"start":{"line":508,"column":6},"end":{"line":512,"column":7}},{"start":{"line":508,"column":6},"end":{"line":512,"column":7}}],"line":508},"10":{"loc":{"start":{"line":508,"column":10},"end":{"line":508,"column":33}},"type":"binary-expr","locations":[{"start":{"line":508,"column":10},"end":{"line":508,"column":17}},{"start":{"line":508,"column":21},"end":{"line":508,"column":33}}],"line":508},"11":{"loc":{"start":{"line":525,"column":20},"end":{"line":525,"column":72}},"type":"cond-expr","locations":[{"start":{"line":525,"column":44},"end":{"line":525,"column":65}},{"start":{"line":525,"column":68},"end":{"line":525,"column":72}}],"line":525},"12":{"loc":{"start":{"line":525,"column":20},"end":{"line":525,"column":41}},"type":"binary-expr","locations":[{"start":{"line":525,"column":20},"end":{"line":525,"column":31}},{"start":{"line":525,"column":35},"end":{"line":525,"column":41}}],"line":525},"13":{"loc":{"start":{"line":526,"column":27},"end":{"line":526,"column":77}},"type":"cond-expr","locations":[{"start":{"line":526,"column":35},"end":{"line":526,"column":39}},{"start":{"line":526,"column":42},"end":{"line":526,"column":77}}],"line":526},"14":{"loc":{"start":{"line":540,"column":20},"end":{"line":540,"column":61}},"type":"cond-expr","locations":[{"start":{"line":540,"column":31},"end":{"line":540,"column":54}},{"start":{"line":540,"column":57},"end":{"line":540,"column":61}}],"line":540},"15":{"loc":{"start":{"line":541,"column":27},"end":{"line":541,"column":73}},"type":"cond-expr","locations":[{"start":{"line":541,"column":35},"end":{"line":541,"column":39}},{"start":{"line":541,"column":42},"end":{"line":541,"column":73}}],"line":541},"16":{"loc":{"start":{"line":556,"column":6},"end":{"line":562,"column":7}},"type":"if","locations":[{"start":{"line":556,"column":6},"end":{"line":562,"column":7}},{"start":{"line":556,"column":6},"end":{"line":562,"column":7}}],"line":556},"17":{"loc":{"start":{"line":556,"column":10},"end":{"line":556,"column":20}},"type":"binary-expr","locations":[{"start":{"line":556,"column":10},"end":{"line":556,"column":13}},{"start":{"line":556,"column":17},"end":{"line":556,"column":20}}],"line":556},"18":{"loc":{"start":{"line":560,"column":23},"end":{"line":560,"column":42}},"type":"binary-expr","locations":[{"start":{"line":560,"column":23},"end":{"line":560,"column":27}},{"start":{"line":560,"column":31},"end":{"line":560,"column":42}}],"line":560},"19":{"loc":{"start":{"line":561,"column":15},"end":{"line":561,"column":62}},"type":"cond-expr","locations":[{"start":{"line":561,"column":31},"end":{"line":561,"column":44}},{"start":{"line":561,"column":47},"end":{"line":561,"column":62}}],"line":561},"20":{"loc":{"start":{"line":572,"column":20},"end":{"line":572,"column":48}},"type":"cond-expr","locations":[{"start":{"line":572,"column":27},"end":{"line":572,"column":40}},{"start":{"line":572,"column":44},"end":{"line":572,"column":48}}],"line":572},"21":{"loc":{"start":{"line":573,"column":27},"end":{"line":573,"column":100}},"type":"cond-expr","locations":[{"start":{"line":573,"column":35},"end":{"line":573,"column":39}},{"start":{"line":573,"column":43},"end":{"line":573,"column":99}}],"line":573},"22":{"loc":{"start":{"line":573,"column":43},"end":{"line":573,"column":99}},"type":"binary-expr","locations":[{"start":{"line":573,"column":43},"end":{"line":573,"column":69}},{"start":{"line":573,"column":73},"end":{"line":573,"column":99}}],"line":573},"23":{"loc":{"start":{"line":587,"column":20},"end":{"line":587,"column":48}},"type":"cond-expr","locations":[{"start":{"line":587,"column":27},"end":{"line":587,"column":40}},{"start":{"line":587,"column":44},"end":{"line":587,"column":48}}],"line":587},"24":{"loc":{"start":{"line":588,"column":27},"end":{"line":588,"column":100}},"type":"cond-expr","locations":[{"start":{"line":588,"column":35},"end":{"line":588,"column":39}},{"start":{"line":588,"column":43},"end":{"line":588,"column":99}}],"line":588},"25":{"loc":{"start":{"line":588,"column":43},"end":{"line":588,"column":99}},"type":"binary-expr","locations":[{"start":{"line":588,"column":43},"end":{"line":588,"column":69}},{"start":{"line":588,"column":73},"end":{"line":588,"column":99}}],"line":588},"26":{"loc":{"start":{"line":601,"column":13},"end":{"line":601,"column":56}},"type":"cond-expr","locations":[{"start":{"line":601,"column":22},"end":{"line":601,"column":42}},{"start":{"line":601,"column":45},"end":{"line":601,"column":56}}],"line":601},"27":{"loc":{"start":{"line":634,"column":6},"end":{"line":636,"column":7}},"type":"if","locations":[{"start":{"line":634,"column":6},"end":{"line":636,"column":7}},{"start":{"line":634,"column":6},"end":{"line":636,"column":7}}],"line":634},"28":{"loc":{"start":{"line":637,"column":6},"end":{"line":639,"column":7}},"type":"if","locations":[{"start":{"line":637,"column":6},"end":{"line":639,"column":7}},{"start":{"line":637,"column":6},"end":{"line":639,"column":7}}],"line":637},"29":{"loc":{"start":{"line":637,"column":10},"end":{"line":637,"column":54}},"type":"binary-expr","locations":[{"start":{"line":637,"column":10},"end":{"line":637,"column":30}},{"start":{"line":637,"column":34},"end":{"line":637,"column":54}}],"line":637},"30":{"loc":{"start":{"line":674,"column":6},"end":{"line":677,"column":7}},"type":"if","locations":[{"start":{"line":674,"column":6},"end":{"line":677,"column":7}},{"start":{"line":674,"column":6},"end":{"line":677,"column":7}}],"line":674},"31":{"loc":{"start":{"line":704,"column":6},"end":{"line":706,"column":7}},"type":"if","locations":[{"start":{"line":704,"column":6},"end":{"line":706,"column":7}},{"start":{"line":704,"column":6},"end":{"line":706,"column":7}}],"line":704},"32":{"loc":{"start":{"line":714,"column":6},"end":{"line":716,"column":7}},"type":"if","locations":[{"start":{"line":714,"column":6},"end":{"line":716,"column":7}},{"start":{"line":714,"column":6},"end":{"line":716,"column":7}}],"line":714},"33":{"loc":{"start":{"line":723,"column":6},"end":{"line":725,"column":7}},"type":"if","locations":[{"start":{"line":723,"column":6},"end":{"line":725,"column":7}},{"start":{"line":723,"column":6},"end":{"line":725,"column":7}}],"line":723},"34":{"loc":{"start":{"line":723,"column":10},"end":{"line":723,"column":66}},"type":"binary-expr","locations":[{"start":{"line":723,"column":10},"end":{"line":723,"column":19}},{"start":{"line":723,"column":23},"end":{"line":723,"column":45}},{"start":{"line":723,"column":49},"end":{"line":723,"column":66}}],"line":723}},"s":{"0":6,"1":2,"2":2,"3":0,"4":44,"5":44,"6":4,"7":40,"8":2,"9":2,"10":2,"11":38,"12":84,"13":38,"14":38,"15":38,"16":38,"17":28,"18":24,"19":4,"20":4,"21":20,"22":20,"23":0,"24":0,"25":0,"26":20,"27":20,"28":20,"29":58,"30":58,"31":58,"32":38,"33":38,"34":38,"35":38,"36":36,"37":66,"38":36,"39":36,"40":36,"41":36,"42":36,"43":36,"44":36,"45":82,"46":286,"47":468,"48":2,"49":466,"50":8,"51":458,"52":338,"53":4,"54":34,"55":114,"56":4,"57":4,"58":110,"59":80,"60":52,"61":6,"62":4,"63":6,"64":4,"65":2,"66":12,"67":10,"68":2},"f":{"0":6,"1":2,"2":2,"3":0,"4":44,"5":84,"6":24,"7":58,"8":38,"9":38,"10":66,"11":36,"12":36,"13":82,"14":286,"15":468,"16":338,"17":4,"18":34,"19":114,"20":80,"21":52,"22":6,"23":4,"24":12},"b":{"0":[4,40],"1":[44,4,42,26],"2":[2,38],"3":[40,2],"4":[84,82],"5":[34,4],"6":[38,38],"7":[28,10],"8":[4,20],"9":[0,20],"10":[20,0],"11":[18,40],"12":[58,18],"13":[48,10],"14":[12,26],"15":[32,6],"16":[36,2],"17":[38,8],"18":[66,66],"19":[26,10],"20":[34,2],"21":[16,20],"22":[20,20],"23":[30,6],"24":[30,6],"25":[6,6],"26":[60,22],"27":[2,466],"28":[8,458],"29":[466,120],"30":[4,110],"31":[4,2],"32":[2,2],"33":[10,2],"34":[12,10,10]},"_coverageSchema":"43e27e138ebf9cfc5966b082cf9a028302ed4184","hash":"330f28663994d3e992306c8ae2239f5d37412f09"}
}
