TN:
SF:/home/jenkins/agent/workspace/lidate-amount-input_release_1.13/Components/cells-validate-amount-input/release-1.13/cells-validate-amount-input.js
FN:88,(anonymous_0)
FN:92,(anonymous_1)
FN:452,(anonymous_2)
FN:461,(anonymous_3)
FN:469,(anonymous_4)
FN:484,(anonymous_5)
FN:501,(anonymous_6)
FN:524,(anonymous_7)
FN:539,(anonymous_8)
FN:555,(anonymous_9)
FN:560,(anonymous_10)
FN:571,(anonymous_11)
FN:586,(anonymous_12)
FN:600,(anonymous_13)
FN:616,(anonymous_14)
FN:633,(anonymous_15)
FN:648,(anonymous_16)
FN:656,(anonymous_17)
FN:660,(anonymous_18)
FN:673,(anonymous_19)
FN:687,(anonymous_20)
FN:696,(anonymous_21)
FN:703,(anonymous_22)
FN:713,(anonymous_23)
FN:722,(anonymous_24)
FNF:25
FNH:24
FNDA:6,(anonymous_0)
FNDA:2,(anonymous_1)
FNDA:2,(anonymous_2)
FNDA:0,(anonymous_3)
FNDA:44,(anonymous_4)
FNDA:84,(anonymous_5)
FNDA:24,(anonymous_6)
FNDA:58,(anonymous_7)
FNDA:38,(anonymous_8)
FNDA:38,(anonymous_9)
FNDA:66,(anonymous_10)
FNDA:36,(anonymous_11)
FNDA:36,(anonymous_12)
FNDA:82,(anonymous_13)
FNDA:286,(anonymous_14)
FNDA:468,(anonymous_15)
FNDA:338,(anonymous_16)
FNDA:4,(anonymous_17)
FNDA:34,(anonymous_18)
FNDA:114,(anonymous_19)
FNDA:80,(anonymous_20)
FNDA:52,(anonymous_21)
FNDA:6,(anonymous_22)
FNDA:4,(anonymous_23)
FNDA:12,(anonymous_24)
DA:89,6
DA:93,2
DA:453,2
DA:462,0
DA:470,44
DA:471,44
DA:473,4
DA:475,40
DA:476,2
DA:477,2
DA:478,2
DA:480,38
DA:484,84
DA:486,38
DA:488,38
DA:489,38
DA:491,38
DA:492,28
DA:502,24
DA:503,4
DA:504,4
DA:507,20
DA:508,20
DA:509,0
DA:510,0
DA:511,0
DA:513,20
DA:514,20
DA:515,20
DA:525,58
DA:526,58
DA:527,58
DA:540,38
DA:541,38
DA:542,38
DA:556,38
DA:557,36
DA:560,66
DA:561,36
DA:572,36
DA:573,36
DA:574,36
DA:587,36
DA:588,36
DA:589,36
DA:601,82
DA:617,286
DA:634,468
DA:635,2
DA:637,466
DA:638,8
DA:640,458
DA:649,338
DA:657,4
DA:661,34
DA:674,114
DA:675,4
DA:676,4
DA:678,110
DA:688,80
DA:697,52
DA:704,6
DA:705,4
DA:707,6
DA:714,4
DA:715,2
DA:723,12
DA:724,10
DA:729,2
LF:69
LH:65
BRDA:471,0,0,4
BRDA:471,0,1,40
BRDA:471,1,0,44
BRDA:471,1,1,4
BRDA:471,1,2,42
BRDA:471,1,3,26
BRDA:475,2,0,2
BRDA:475,2,1,38
BRDA:475,3,0,40
BRDA:475,3,1,2
BRDA:484,4,0,84
BRDA:484,4,1,82
BRDA:486,5,0,34
BRDA:486,5,1,4
BRDA:489,6,0,38
BRDA:489,6,1,38
BRDA:491,7,0,28
BRDA:491,7,1,10
BRDA:502,8,0,4
BRDA:502,8,1,20
BRDA:508,9,0,0
BRDA:508,9,1,20
BRDA:508,10,0,20
BRDA:508,10,1,0
BRDA:525,11,0,18
BRDA:525,11,1,40
BRDA:525,12,0,58
BRDA:525,12,1,18
BRDA:526,13,0,48
BRDA:526,13,1,10
BRDA:540,14,0,12
BRDA:540,14,1,26
BRDA:541,15,0,32
BRDA:541,15,1,6
BRDA:556,16,0,36
BRDA:556,16,1,2
BRDA:556,17,0,38
BRDA:556,17,1,8
BRDA:560,18,0,66
BRDA:560,18,1,66
BRDA:561,19,0,26
BRDA:561,19,1,10
BRDA:572,20,0,34
BRDA:572,20,1,2
BRDA:573,21,0,16
BRDA:573,21,1,20
BRDA:573,22,0,20
BRDA:573,22,1,20
BRDA:587,23,0,30
BRDA:587,23,1,6
BRDA:588,24,0,30
BRDA:588,24,1,6
BRDA:588,25,0,6
BRDA:588,25,1,6
BRDA:601,26,0,60
BRDA:601,26,1,22
BRDA:634,27,0,2
BRDA:634,27,1,466
BRDA:637,28,0,8
BRDA:637,28,1,458
BRDA:637,29,0,466
BRDA:637,29,1,120
BRDA:674,30,0,4
BRDA:674,30,1,110
BRDA:704,31,0,4
BRDA:704,31,1,2
BRDA:714,32,0,2
BRDA:714,32,1,2
BRDA:723,33,0,10
BRDA:723,33,1,2
BRDA:723,34,0,12
BRDA:723,34,1,10
BRDA:723,34,2,10
BRF:73
BRH:71
end_of_record
