{"/home/jenkins/agent/workspace/lecule-amount-input_release_4.10/Components/cells-molecule-amount-input/release-4.10/cells-molecule-amount-input.js": {"path":"/home/jenkins/agent/workspace/lecule-amount-input_release_4.10/Components/cells-molecule-amount-input/release-4.10/cells-molecule-amount-input.js","statementMap":{"0":{"start":{"line":7,"column":4},"end":{"line":7,"column":41}},"1":{"start":{"line":10,"column":4},"end":{"line":327,"column":6}},"2":{"start":{"line":307,"column":22},"end":{"line":307,"column":31}},"3":{"start":{"line":330,"column":4},"end":{"line":330,"column":122}},"4":{"start":{"line":336,"column":4},"end":{"line":339,"column":5}},"5":{"start":{"line":337,"column":6},"end":{"line":337,"column":25}},"6":{"start":{"line":338,"column":6},"end":{"line":338,"column":37}},"7":{"start":{"line":343,"column":4},"end":{"line":343,"column":33}},"8":{"start":{"line":344,"column":4},"end":{"line":346,"column":5}},"9":{"start":{"line":345,"column":6},"end":{"line":345,"column":29}},"10":{"start":{"line":352,"column":4},"end":{"line":352,"column":31}},"11":{"start":{"line":353,"column":4},"end":{"line":353,"column":38}},"12":{"start":{"line":362,"column":4},"end":{"line":362,"column":60}},"13":{"start":{"line":370,"column":4},"end":{"line":370,"column":95}},"14":{"start":{"line":380,"column":4},"end":{"line":385,"column":5}},"15":{"start":{"line":381,"column":6},"end":{"line":381,"column":57}},"16":{"start":{"line":382,"column":6},"end":{"line":382,"column":37}},"17":{"start":{"line":384,"column":6},"end":{"line":384,"column":19}},"18":{"start":{"line":395,"column":4},"end":{"line":395,"column":76}},"19":{"start":{"line":404,"column":4},"end":{"line":406,"column":5}},"20":{"start":{"line":405,"column":6},"end":{"line":405,"column":33}},"21":{"start":{"line":407,"column":4},"end":{"line":407,"column":48}},"22":{"start":{"line":416,"column":19},"end":{"line":416,"column":32}},"23":{"start":{"line":417,"column":4},"end":{"line":424,"column":5}},"24":{"start":{"line":418,"column":24},"end":{"line":418,"column":52}},"25":{"start":{"line":419,"column":6},"end":{"line":419,"column":33}},"26":{"start":{"line":420,"column":6},"end":{"line":422,"column":7}},"27":{"start":{"line":421,"column":8},"end":{"line":421,"column":50}},"28":{"start":{"line":423,"column":6},"end":{"line":423,"column":20}},"29":{"start":{"line":435,"column":4},"end":{"line":435,"column":31}},"30":{"start":{"line":436,"column":4},"end":{"line":436,"column":31}},"31":{"start":{"line":437,"column":4},"end":{"line":437,"column":30}},"32":{"start":{"line":438,"column":4},"end":{"line":438,"column":35}},"33":{"start":{"line":439,"column":4},"end":{"line":439,"column":28}},"34":{"start":{"line":446,"column":4},"end":{"line":448,"column":5}},"35":{"start":{"line":447,"column":6},"end":{"line":447,"column":81}},"36":{"start":{"line":455,"column":4},"end":{"line":455,"column":38}},"37":{"start":{"line":456,"column":4},"end":{"line":465,"column":5}},"38":{"start":{"line":457,"column":6},"end":{"line":457,"column":27}},"39":{"start":{"line":458,"column":6},"end":{"line":458,"column":34}},"40":{"start":{"line":459,"column":6},"end":{"line":459,"column":33}},"41":{"start":{"line":460,"column":11},"end":{"line":465,"column":5}},"42":{"start":{"line":461,"column":6},"end":{"line":461,"column":28}},"43":{"start":{"line":462,"column":6},"end":{"line":462,"column":42}},"44":{"start":{"line":463,"column":6},"end":{"line":463,"column":48}},"45":{"start":{"line":464,"column":6},"end":{"line":464,"column":33}},"46":{"start":{"line":473,"column":4},"end":{"line":475,"column":7}},"47":{"start":{"line":474,"column":6},"end":{"line":474,"column":54}},"48":{"start":{"line":486,"column":22},"end":{"line":486,"column":48}},"49":{"start":{"line":489,"column":4},"end":{"line":498,"column":5}},"50":{"start":{"line":490,"column":6},"end":{"line":490,"column":47}},"51":{"start":{"line":491,"column":6},"end":{"line":491,"column":41}},"52":{"start":{"line":492,"column":6},"end":{"line":494,"column":7}},"53":{"start":{"line":493,"column":8},"end":{"line":493,"column":62}},"54":{"start":{"line":495,"column":6},"end":{"line":495,"column":44}},"55":{"start":{"line":497,"column":6},"end":{"line":497,"column":30}},"56":{"start":{"line":499,"column":4},"end":{"line":499,"column":36}},"57":{"start":{"line":500,"column":4},"end":{"line":504,"column":8}},"58":{"start":{"line":510,"column":23},"end":{"line":510,"column":71}},"59":{"start":{"line":511,"column":4},"end":{"line":511,"column":71}},"60":{"start":{"line":512,"column":4},"end":{"line":512,"column":80}},"61":{"start":{"line":513,"column":26},"end":{"line":513,"column":53}},"62":{"start":{"line":514,"column":4},"end":{"line":518,"column":5}},"63":{"start":{"line":515,"column":6},"end":{"line":515,"column":82}},"64":{"start":{"line":517,"column":6},"end":{"line":517,"column":79}},"65":{"start":{"line":519,"column":4},"end":{"line":527,"column":5}},"66":{"start":{"line":520,"column":6},"end":{"line":526,"column":23}},"67":{"start":{"line":521,"column":8},"end":{"line":525,"column":9}},"68":{"start":{"line":522,"column":10},"end":{"line":522,"column":71}},"69":{"start":{"line":524,"column":10},"end":{"line":524,"column":94}},"70":{"start":{"line":533,"column":19},"end":{"line":533,"column":32}},"71":{"start":{"line":534,"column":4},"end":{"line":541,"column":5}},"72":{"start":{"line":535,"column":6},"end":{"line":537,"column":7}},"73":{"start":{"line":536,"column":8},"end":{"line":536,"column":73}},"74":{"start":{"line":538,"column":6},"end":{"line":540,"column":7}},"75":{"start":{"line":539,"column":8},"end":{"line":539,"column":75}},"76":{"start":{"line":542,"column":18},"end":{"line":548,"column":5}},"77":{"start":{"line":549,"column":4},"end":{"line":549,"column":53}},"78":{"start":{"line":555,"column":4},"end":{"line":555,"column":25}},"79":{"start":{"line":561,"column":4},"end":{"line":561,"column":24}},"80":{"start":{"line":569,"column":4},"end":{"line":569,"column":31}},"81":{"start":{"line":570,"column":4},"end":{"line":570,"column":17}},"82":{"start":{"line":577,"column":4},"end":{"line":584,"column":5}},"83":{"start":{"line":578,"column":6},"end":{"line":578,"column":26}},"84":{"start":{"line":579,"column":6},"end":{"line":579,"column":38}},"85":{"start":{"line":580,"column":6},"end":{"line":583,"column":10}},"86":{"start":{"line":591,"column":4},"end":{"line":598,"column":5}},"87":{"start":{"line":592,"column":6},"end":{"line":592,"column":27}},"88":{"start":{"line":593,"column":6},"end":{"line":593,"column":38}},"89":{"start":{"line":594,"column":6},"end":{"line":597,"column":10}},"90":{"start":{"line":605,"column":4},"end":{"line":607,"column":5}},"91":{"start":{"line":606,"column":6},"end":{"line":606,"column":13}},"92":{"start":{"line":609,"column":23},"end":{"line":609,"column":113}},"93":{"start":{"line":611,"column":19},"end":{"line":611,"column":49}},"94":{"start":{"line":612,"column":29},"end":{"line":612,"column":62}},"95":{"start":{"line":613,"column":31},"end":{"line":613,"column":65}},"96":{"start":{"line":614,"column":4},"end":{"line":616,"column":5}},"97":{"start":{"line":615,"column":6},"end":{"line":615,"column":67}},"98":{"start":{"line":618,"column":35},"end":{"line":618,"column":170}},"99":{"start":{"line":619,"column":34},"end":{"line":619,"column":104}},"100":{"start":{"line":621,"column":4},"end":{"line":642,"column":5}},"101":{"start":{"line":622,"column":28},"end":{"line":635,"column":19}},"102":{"start":{"line":623,"column":27},"end":{"line":623,"column":54}},"103":{"start":{"line":624,"column":8},"end":{"line":626,"column":9}},"104":{"start":{"line":625,"column":10},"end":{"line":625,"column":26}},"105":{"start":{"line":627,"column":8},"end":{"line":633,"column":9}},"106":{"start":{"line":627,"column":24},"end":{"line":627,"column":42}},"107":{"start":{"line":627,"column":49},"end":{"line":627,"column":50}},"108":{"start":{"line":628,"column":10},"end":{"line":632,"column":11}},"109":{"start":{"line":629,"column":12},"end":{"line":629,"column":62}},"110":{"start":{"line":631,"column":12},"end":{"line":631,"column":56}},"111":{"start":{"line":634,"column":8},"end":{"line":634,"column":124}},"112":{"start":{"line":637,"column":6},"end":{"line":639,"column":7}},"113":{"start":{"line":638,"column":8},"end":{"line":638,"column":98}},"114":{"start":{"line":641,"column":6},"end":{"line":641,"column":46}},"115":{"start":{"line":649,"column":4},"end":{"line":649,"column":23}},"116":{"start":{"line":650,"column":4},"end":{"line":653,"column":5}},"117":{"start":{"line":651,"column":6},"end":{"line":651,"column":25}},"118":{"start":{"line":652,"column":6},"end":{"line":652,"column":36}},"119":{"start":{"line":652,"column":23},"end":{"line":652,"column":34}},"120":{"start":{"line":654,"column":4},"end":{"line":654,"column":25}},"121":{"start":{"line":655,"column":4},"end":{"line":655,"column":36}},"122":{"start":{"line":656,"column":4},"end":{"line":659,"column":8}},"123":{"start":{"line":666,"column":4},"end":{"line":666,"column":23}},"124":{"start":{"line":667,"column":4},"end":{"line":667,"column":25}},"125":{"start":{"line":668,"column":4},"end":{"line":671,"column":8}},"126":{"start":{"line":678,"column":4},"end":{"line":678,"column":53}},"127":{"start":{"line":679,"column":4},"end":{"line":679,"column":61}},"128":{"start":{"line":688,"column":24},"end":{"line":688,"column":84}},"129":{"start":{"line":689,"column":26},"end":{"line":689,"column":88}},"130":{"start":{"line":690,"column":27},"end":{"line":690,"column":78}},"131":{"start":{"line":691,"column":4},"end":{"line":691,"column":48}},"132":{"start":{"line":699,"column":4},"end":{"line":699,"column":58}},"133":{"start":{"line":706,"column":4},"end":{"line":709,"column":8}},"134":{"start":{"line":713,"column":4},"end":{"line":713,"column":67}},"135":{"start":{"line":723,"column":4},"end":{"line":723,"column":74}},"136":{"start":{"line":726,"column":0},"end":{"line":726,"column":84}}},"fnMap":{"0":{"name":"(anonymous_0)","decl":{"start":{"line":6,"column":2},"end":{"line":6,"column":3}},"loc":{"start":{"line":6,"column":18},"end":{"line":8,"column":3}},"line":6},"1":{"name":"(anonymous_1)","decl":{"start":{"line":9,"column":2},"end":{"line":9,"column":3}},"loc":{"start":{"line":9,"column":26},"end":{"line":328,"column":3}},"line":9},"2":{"name":"(anonymous_2)","decl":{"start":{"line":307,"column":15},"end":{"line":307,"column":16}},"loc":{"start":{"line":307,"column":22},"end":{"line":307,"column":31}},"line":307},"3":{"name":"(anonymous_3)","decl":{"start":{"line":329,"column":2},"end":{"line":329,"column":3}},"loc":{"start":{"line":329,"column":25},"end":{"line":331,"column":3}},"line":329},"4":{"name":"(anonymous_4)","decl":{"start":{"line":335,"column":2},"end":{"line":335,"column":3}},"loc":{"start":{"line":335,"column":66},"end":{"line":340,"column":3}},"line":335},"5":{"name":"(anonymous_5)","decl":{"start":{"line":342,"column":2},"end":{"line":342,"column":3}},"loc":{"start":{"line":342,"column":25},"end":{"line":347,"column":3}},"line":342},"6":{"name":"(anonymous_6)","decl":{"start":{"line":351,"column":2},"end":{"line":351,"column":3}},"loc":{"start":{"line":351,"column":10},"end":{"line":354,"column":3}},"line":351},"7":{"name":"(anonymous_7)","decl":{"start":{"line":361,"column":2},"end":{"line":361,"column":3}},"loc":{"start":{"line":361,"column":45},"end":{"line":363,"column":3}},"line":361},"8":{"name":"(anonymous_8)","decl":{"start":{"line":369,"column":2},"end":{"line":369,"column":3}},"loc":{"start":{"line":369,"column":29},"end":{"line":371,"column":3}},"line":369},"9":{"name":"(anonymous_9)","decl":{"start":{"line":379,"column":2},"end":{"line":379,"column":3}},"loc":{"start":{"line":379,"column":39},"end":{"line":386,"column":3}},"line":379},"10":{"name":"(anonymous_10)","decl":{"start":{"line":394,"column":2},"end":{"line":394,"column":3}},"loc":{"start":{"line":394,"column":83},"end":{"line":396,"column":3}},"line":394},"11":{"name":"(anonymous_11)","decl":{"start":{"line":403,"column":2},"end":{"line":403,"column":3}},"loc":{"start":{"line":403,"column":25},"end":{"line":408,"column":3}},"line":403},"12":{"name":"(anonymous_12)","decl":{"start":{"line":415,"column":2},"end":{"line":415,"column":3}},"loc":{"start":{"line":415,"column":39},"end":{"line":425,"column":3}},"line":415},"13":{"name":"(anonymous_13)","decl":{"start":{"line":434,"column":2},"end":{"line":434,"column":3}},"loc":{"start":{"line":434,"column":35},"end":{"line":440,"column":3}},"line":434},"14":{"name":"(anonymous_14)","decl":{"start":{"line":445,"column":2},"end":{"line":445,"column":3}},"loc":{"start":{"line":445,"column":24},"end":{"line":449,"column":3}},"line":445},"15":{"name":"(anonymous_15)","decl":{"start":{"line":454,"column":2},"end":{"line":454,"column":3}},"loc":{"start":{"line":454,"column":24},"end":{"line":466,"column":3}},"line":454},"16":{"name":"(anonymous_16)","decl":{"start":{"line":472,"column":2},"end":{"line":472,"column":3}},"loc":{"start":{"line":472,"column":24},"end":{"line":476,"column":3}},"line":472},"17":{"name":"(anonymous_17)","decl":{"start":{"line":473,"column":47},"end":{"line":473,"column":48}},"loc":{"start":{"line":473,"column":58},"end":{"line":475,"column":5}},"line":473},"18":{"name":"(anonymous_18)","decl":{"start":{"line":485,"column":2},"end":{"line":485,"column":3}},"loc":{"start":{"line":485,"column":21},"end":{"line":505,"column":3}},"line":485},"19":{"name":"(anonymous_19)","decl":{"start":{"line":509,"column":2},"end":{"line":509,"column":3}},"loc":{"start":{"line":509,"column":23},"end":{"line":528,"column":3}},"line":509},"20":{"name":"(anonymous_20)","decl":{"start":{"line":520,"column":17},"end":{"line":520,"column":18}},"loc":{"start":{"line":520,"column":28},"end":{"line":526,"column":7}},"line":520},"21":{"name":"(anonymous_21)","decl":{"start":{"line":532,"column":2},"end":{"line":532,"column":3}},"loc":{"start":{"line":532,"column":28},"end":{"line":550,"column":3}},"line":532},"22":{"name":"(anonymous_22)","decl":{"start":{"line":554,"column":2},"end":{"line":554,"column":3}},"loc":{"start":{"line":554,"column":10},"end":{"line":556,"column":3}},"line":554},"23":{"name":"(anonymous_23)","decl":{"start":{"line":560,"column":2},"end":{"line":560,"column":3}},"loc":{"start":{"line":560,"column":9},"end":{"line":562,"column":3}},"line":560},"24":{"name":"(anonymous_24)","decl":{"start":{"line":568,"column":2},"end":{"line":568,"column":3}},"loc":{"start":{"line":568,"column":17},"end":{"line":571,"column":3}},"line":568},"25":{"name":"(anonymous_25)","decl":{"start":{"line":576,"column":2},"end":{"line":576,"column":3}},"loc":{"start":{"line":576,"column":18},"end":{"line":585,"column":3}},"line":576},"26":{"name":"(anonymous_26)","decl":{"start":{"line":590,"column":2},"end":{"line":590,"column":3}},"loc":{"start":{"line":590,"column":21},"end":{"line":599,"column":3}},"line":590},"27":{"name":"(anonymous_27)","decl":{"start":{"line":604,"column":2},"end":{"line":604,"column":3}},"loc":{"start":{"line":604,"column":16},"end":{"line":643,"column":3}},"line":604},"28":{"name":"(anonymous_28)","decl":{"start":{"line":622,"column":68},"end":{"line":622,"column":69}},"loc":{"start":{"line":622,"column":120},"end":{"line":635,"column":7}},"line":622},"29":{"name":"(anonymous_29)","decl":{"start":{"line":648,"column":2},"end":{"line":648,"column":3}},"loc":{"start":{"line":648,"column":18},"end":{"line":660,"column":3}},"line":648},"30":{"name":"(anonymous_30)","decl":{"start":{"line":652,"column":17},"end":{"line":652,"column":18}},"loc":{"start":{"line":652,"column":23},"end":{"line":652,"column":34}},"line":652},"31":{"name":"(anonymous_31)","decl":{"start":{"line":665,"column":2},"end":{"line":665,"column":3}},"loc":{"start":{"line":665,"column":17},"end":{"line":672,"column":3}},"line":665},"32":{"name":"(anonymous_32)","decl":{"start":{"line":677,"column":2},"end":{"line":677,"column":3}},"loc":{"start":{"line":677,"column":37},"end":{"line":680,"column":3}},"line":677},"33":{"name":"(anonymous_33)","decl":{"start":{"line":687,"column":2},"end":{"line":687,"column":3}},"loc":{"start":{"line":687,"column":52},"end":{"line":692,"column":3}},"line":687},"34":{"name":"(anonymous_34)","decl":{"start":{"line":698,"column":2},"end":{"line":698,"column":3}},"loc":{"start":{"line":698,"column":27},"end":{"line":700,"column":3}},"line":698},"35":{"name":"(anonymous_35)","decl":{"start":{"line":705,"column":2},"end":{"line":705,"column":3}},"loc":{"start":{"line":705,"column":21},"end":{"line":710,"column":3}},"line":705},"36":{"name":"(anonymous_36)","decl":{"start":{"line":712,"column":2},"end":{"line":712,"column":3}},"loc":{"start":{"line":712,"column":29},"end":{"line":714,"column":3}},"line":712},"37":{"name":"(anonymous_37)","decl":{"start":{"line":722,"column":2},"end":{"line":722,"column":3}},"loc":{"start":{"line":722,"column":41},"end":{"line":724,"column":3}},"line":722}},"branchMap":{"0":{"loc":{"start":{"line":336,"column":4},"end":{"line":339,"column":5}},"type":"if","locations":[{"start":{"line":336,"column":4},"end":{"line":339,"column":5}},{"start":{"line":336,"column":4},"end":{"line":339,"column":5}}],"line":336},"1":{"loc":{"start":{"line":336,"column":8},"end":{"line":336,"column":60}},"type":"binary-expr","locations":[{"start":{"line":336,"column":8},"end":{"line":336,"column":36}},{"start":{"line":336,"column":40},"end":{"line":336,"column":46}},{"start":{"line":336,"column":50},"end":{"line":336,"column":60}}],"line":336},"2":{"loc":{"start":{"line":344,"column":4},"end":{"line":346,"column":5}},"type":"if","locations":[{"start":{"line":344,"column":4},"end":{"line":346,"column":5}},{"start":{"line":344,"column":4},"end":{"line":346,"column":5}}],"line":344},"3":{"loc":{"start":{"line":362,"column":11},"end":{"line":362,"column":59}},"type":"binary-expr","locations":[{"start":{"line":362,"column":11},"end":{"line":362,"column":24}},{"start":{"line":362,"column":28},"end":{"line":362,"column":59}}],"line":362},"4":{"loc":{"start":{"line":370,"column":11},"end":{"line":370,"column":94}},"type":"cond-expr","locations":[{"start":{"line":370,"column":18},"end":{"line":370,"column":89}},{"start":{"line":370,"column":92},"end":{"line":370,"column":94}}],"line":370},"5":{"loc":{"start":{"line":380,"column":4},"end":{"line":385,"column":5}},"type":"if","locations":[{"start":{"line":380,"column":4},"end":{"line":385,"column":5}},{"start":{"line":380,"column":4},"end":{"line":385,"column":5}}],"line":380},"6":{"loc":{"start":{"line":380,"column":8},"end":{"line":380,"column":49}},"type":"binary-expr","locations":[{"start":{"line":380,"column":8},"end":{"line":380,"column":35}},{"start":{"line":380,"column":39},"end":{"line":380,"column":49}}],"line":380},"7":{"loc":{"start":{"line":395,"column":11},"end":{"line":395,"column":75}},"type":"cond-expr","locations":[{"start":{"line":395,"column":46},"end":{"line":395,"column":67}},{"start":{"line":395,"column":70},"end":{"line":395,"column":75}}],"line":395},"8":{"loc":{"start":{"line":395,"column":11},"end":{"line":395,"column":43}},"type":"binary-expr","locations":[{"start":{"line":395,"column":11},"end":{"line":395,"column":32}},{"start":{"line":395,"column":36},"end":{"line":395,"column":43}}],"line":395},"9":{"loc":{"start":{"line":395,"column":46},"end":{"line":395,"column":67}},"type":"binary-expr","locations":[{"start":{"line":395,"column":46},"end":{"line":395,"column":54}},{"start":{"line":395,"column":58},"end":{"line":395,"column":67}}],"line":395},"10":{"loc":{"start":{"line":404,"column":4},"end":{"line":406,"column":5}},"type":"if","locations":[{"start":{"line":404,"column":4},"end":{"line":406,"column":5}},{"start":{"line":404,"column":4},"end":{"line":406,"column":5}}],"line":404},"11":{"loc":{"start":{"line":417,"column":4},"end":{"line":424,"column":5}},"type":"if","locations":[{"start":{"line":417,"column":4},"end":{"line":424,"column":5}},{"start":{"line":417,"column":4},"end":{"line":424,"column":5}}],"line":417},"12":{"loc":{"start":{"line":420,"column":6},"end":{"line":422,"column":7}},"type":"if","locations":[{"start":{"line":420,"column":6},"end":{"line":422,"column":7}},{"start":{"line":420,"column":6},"end":{"line":422,"column":7}}],"line":420},"13":{"loc":{"start":{"line":446,"column":4},"end":{"line":448,"column":5}},"type":"if","locations":[{"start":{"line":446,"column":4},"end":{"line":448,"column":5}},{"start":{"line":446,"column":4},"end":{"line":448,"column":5}}],"line":446},"14":{"loc":{"start":{"line":446,"column":8},"end":{"line":446,"column":97}},"type":"binary-expr","locations":[{"start":{"line":446,"column":8},"end":{"line":446,"column":27}},{"start":{"line":446,"column":31},"end":{"line":446,"column":37}},{"start":{"line":446,"column":41},"end":{"line":446,"column":97}}],"line":446},"15":{"loc":{"start":{"line":456,"column":4},"end":{"line":465,"column":5}},"type":"if","locations":[{"start":{"line":456,"column":4},"end":{"line":465,"column":5}},{"start":{"line":456,"column":4},"end":{"line":465,"column":5}}],"line":456},"16":{"loc":{"start":{"line":460,"column":11},"end":{"line":465,"column":5}},"type":"if","locations":[{"start":{"line":460,"column":11},"end":{"line":465,"column":5}},{"start":{"line":460,"column":11},"end":{"line":465,"column":5}}],"line":460},"17":{"loc":{"start":{"line":460,"column":15},"end":{"line":460,"column":71}},"type":"binary-expr","locations":[{"start":{"line":460,"column":15},"end":{"line":460,"column":28}},{"start":{"line":460,"column":32},"end":{"line":460,"column":52}},{"start":{"line":460,"column":56},"end":{"line":460,"column":71}}],"line":460},"18":{"loc":{"start":{"line":474,"column":29},"end":{"line":474,"column":52}},"type":"binary-expr","locations":[{"start":{"line":474,"column":29},"end":{"line":474,"column":42}},{"start":{"line":474,"column":46},"end":{"line":474,"column":52}}],"line":474},"19":{"loc":{"start":{"line":489,"column":4},"end":{"line":498,"column":5}},"type":"if","locations":[{"start":{"line":489,"column":4},"end":{"line":498,"column":5}},{"start":{"line":489,"column":4},"end":{"line":498,"column":5}}],"line":489},"20":{"loc":{"start":{"line":489,"column":8},"end":{"line":489,"column":49}},"type":"binary-expr","locations":[{"start":{"line":489,"column":8},"end":{"line":489,"column":27}},{"start":{"line":489,"column":31},"end":{"line":489,"column":49}}],"line":489},"21":{"loc":{"start":{"line":492,"column":6},"end":{"line":494,"column":7}},"type":"if","locations":[{"start":{"line":492,"column":6},"end":{"line":494,"column":7}},{"start":{"line":492,"column":6},"end":{"line":494,"column":7}}],"line":492},"22":{"loc":{"start":{"line":510,"column":23},"end":{"line":510,"column":71}},"type":"cond-expr","locations":[{"start":{"line":510,"column":37},"end":{"line":510,"column":66}},{"start":{"line":510,"column":69},"end":{"line":510,"column":71}}],"line":510},"23":{"loc":{"start":{"line":511,"column":23},"end":{"line":511,"column":70}},"type":"cond-expr","locations":[{"start":{"line":511,"column":58},"end":{"line":511,"column":62}},{"start":{"line":511,"column":65},"end":{"line":511,"column":70}}],"line":511},"24":{"loc":{"start":{"line":512,"column":26},"end":{"line":512,"column":79}},"type":"cond-expr","locations":[{"start":{"line":512,"column":67},"end":{"line":512,"column":71}},{"start":{"line":512,"column":74},"end":{"line":512,"column":79}}],"line":512},"25":{"loc":{"start":{"line":514,"column":4},"end":{"line":518,"column":5}},"type":"if","locations":[{"start":{"line":514,"column":4},"end":{"line":518,"column":5}},{"start":{"line":514,"column":4},"end":{"line":518,"column":5}}],"line":514},"26":{"loc":{"start":{"line":515,"column":22},"end":{"line":515,"column":81}},"type":"cond-expr","locations":[{"start":{"line":515,"column":44},"end":{"line":515,"column":63}},{"start":{"line":515,"column":66},"end":{"line":515,"column":81}}],"line":515},"27":{"loc":{"start":{"line":517,"column":22},"end":{"line":517,"column":78}},"type":"cond-expr","locations":[{"start":{"line":517,"column":41},"end":{"line":517,"column":60}},{"start":{"line":517,"column":63},"end":{"line":517,"column":78}}],"line":517},"28":{"loc":{"start":{"line":519,"column":4},"end":{"line":527,"column":5}},"type":"if","locations":[{"start":{"line":519,"column":4},"end":{"line":527,"column":5}},{"start":{"line":519,"column":4},"end":{"line":527,"column":5}}],"line":519},"29":{"loc":{"start":{"line":521,"column":8},"end":{"line":525,"column":9}},"type":"if","locations":[{"start":{"line":521,"column":8},"end":{"line":525,"column":9}},{"start":{"line":521,"column":8},"end":{"line":525,"column":9}}],"line":521},"30":{"loc":{"start":{"line":534,"column":4},"end":{"line":541,"column":5}},"type":"if","locations":[{"start":{"line":534,"column":4},"end":{"line":541,"column":5}},{"start":{"line":534,"column":4},"end":{"line":541,"column":5}}],"line":534},"31":{"loc":{"start":{"line":534,"column":8},"end":{"line":534,"column":57}},"type":"binary-expr","locations":[{"start":{"line":534,"column":8},"end":{"line":534,"column":29}},{"start":{"line":534,"column":33},"end":{"line":534,"column":57}}],"line":534},"32":{"loc":{"start":{"line":535,"column":6},"end":{"line":537,"column":7}},"type":"if","locations":[{"start":{"line":535,"column":6},"end":{"line":537,"column":7}},{"start":{"line":535,"column":6},"end":{"line":537,"column":7}}],"line":535},"33":{"loc":{"start":{"line":538,"column":6},"end":{"line":540,"column":7}},"type":"if","locations":[{"start":{"line":538,"column":6},"end":{"line":540,"column":7}},{"start":{"line":538,"column":6},"end":{"line":540,"column":7}}],"line":538},"34":{"loc":{"start":{"line":577,"column":4},"end":{"line":584,"column":5}},"type":"if","locations":[{"start":{"line":577,"column":4},"end":{"line":584,"column":5}},{"start":{"line":577,"column":4},"end":{"line":584,"column":5}}],"line":577},"35":{"loc":{"start":{"line":591,"column":4},"end":{"line":598,"column":5}},"type":"if","locations":[{"start":{"line":591,"column":4},"end":{"line":598,"column":5}},{"start":{"line":591,"column":4},"end":{"line":598,"column":5}}],"line":591},"36":{"loc":{"start":{"line":605,"column":4},"end":{"line":607,"column":5}},"type":"if","locations":[{"start":{"line":605,"column":4},"end":{"line":607,"column":5}},{"start":{"line":605,"column":4},"end":{"line":607,"column":5}}],"line":605},"37":{"loc":{"start":{"line":609,"column":23},"end":{"line":609,"column":113}},"type":"cond-expr","locations":[{"start":{"line":609,"column":57},"end":{"line":609,"column":89}},{"start":{"line":609,"column":92},"end":{"line":609,"column":113}}],"line":609},"38":{"loc":{"start":{"line":614,"column":4},"end":{"line":616,"column":5}},"type":"if","locations":[{"start":{"line":614,"column":4},"end":{"line":616,"column":5}},{"start":{"line":614,"column":4},"end":{"line":616,"column":5}}],"line":614},"39":{"loc":{"start":{"line":621,"column":4},"end":{"line":642,"column":5}},"type":"if","locations":[{"start":{"line":621,"column":4},"end":{"line":642,"column":5}},{"start":{"line":621,"column":4},"end":{"line":642,"column":5}}],"line":621},"40":{"loc":{"start":{"line":628,"column":10},"end":{"line":632,"column":11}},"type":"if","locations":[{"start":{"line":628,"column":10},"end":{"line":632,"column":11}},{"start":{"line":628,"column":10},"end":{"line":632,"column":11}}],"line":628},"41":{"loc":{"start":{"line":634,"column":24},"end":{"line":634,"column":65}},"type":"cond-expr","locations":[{"start":{"line":634,"column":47},"end":{"line":634,"column":50}},{"start":{"line":634,"column":53},"end":{"line":634,"column":65}}],"line":634},"42":{"loc":{"start":{"line":634,"column":70},"end":{"line":634,"column":111}},"type":"cond-expr","locations":[{"start":{"line":634,"column":89},"end":{"line":634,"column":105}},{"start":{"line":634,"column":109},"end":{"line":634,"column":111}}],"line":634},"43":{"loc":{"start":{"line":634,"column":89},"end":{"line":634,"column":105}},"type":"binary-expr","locations":[{"start":{"line":634,"column":89},"end":{"line":634,"column":98}},{"start":{"line":634,"column":102},"end":{"line":634,"column":105}}],"line":634},"44":{"loc":{"start":{"line":637,"column":6},"end":{"line":639,"column":7}},"type":"if","locations":[{"start":{"line":637,"column":6},"end":{"line":639,"column":7}},{"start":{"line":637,"column":6},"end":{"line":639,"column":7}}],"line":637},"45":{"loc":{"start":{"line":650,"column":4},"end":{"line":653,"column":5}},"type":"if","locations":[{"start":{"line":650,"column":4},"end":{"line":653,"column":5}},{"start":{"line":650,"column":4},"end":{"line":653,"column":5}}],"line":650},"46":{"loc":{"start":{"line":691,"column":11},"end":{"line":691,"column":47}},"type":"cond-expr","locations":[{"start":{"line":691,"column":25},"end":{"line":691,"column":39}},{"start":{"line":691,"column":42},"end":{"line":691,"column":47}}],"line":691},"47":{"loc":{"start":{"line":699,"column":11},"end":{"line":699,"column":57}},"type":"cond-expr","locations":[{"start":{"line":699,"column":20},"end":{"line":699,"column":42}},{"start":{"line":699,"column":45},"end":{"line":699,"column":57}}],"line":699},"48":{"loc":{"start":{"line":713,"column":11},"end":{"line":713,"column":66}},"type":"binary-expr","locations":[{"start":{"line":713,"column":11},"end":{"line":713,"column":18}},{"start":{"line":713,"column":23},"end":{"line":713,"column":40}},{"start":{"line":713,"column":44},"end":{"line":713,"column":65}}],"line":713},"49":{"loc":{"start":{"line":723,"column":11},"end":{"line":723,"column":73}},"type":"binary-expr","locations":[{"start":{"line":723,"column":11},"end":{"line":723,"column":19}},{"start":{"line":723,"column":24},"end":{"line":723,"column":46}},{"start":{"line":723,"column":52},"end":{"line":723,"column":72}}],"line":723}},"s":{"0":6,"1":2,"2":318,"3":2,"4":426,"5":24,"6":24,"7":318,"8":318,"9":60,"10":344,"11":344,"12":8,"13":4,"14":362,"15":20,"16":20,"17":342,"18":460,"19":362,"20":16,"21":362,"22":32,"23":32,"24":32,"25":32,"26":32,"27":28,"28":32,"29":104,"30":104,"31":104,"32":104,"33":104,"34":104,"35":4,"36":156,"37":156,"38":114,"39":114,"40":114,"41":42,"42":36,"43":36,"44":36,"45":36,"46":150,"47":150,"48":104,"49":104,"50":96,"51":96,"52":96,"53":58,"54":96,"55":8,"56":104,"57":104,"58":104,"59":104,"60":104,"61":104,"62":104,"63":10,"64":94,"65":104,"66":100,"67":100,"68":0,"69":100,"70":104,"71":104,"72":8,"73":2,"74":8,"75":2,"76":104,"77":104,"78":4,"79":34,"80":2,"81":2,"82":8,"83":8,"84":8,"85":8,"86":6,"87":6,"88":6,"89":6,"90":54,"91":4,"92":50,"93":50,"94":50,"95":50,"96":50,"97":4,"98":50,"99":50,"100":50,"101":50,"102":50,"103":50,"104":34,"105":50,"106":50,"107":50,"108":136,"109":40,"110":96,"111":50,"112":50,"113":4,"114":50,"115":38,"116":38,"117":30,"118":30,"119":30,"120":38,"121":38,"122":38,"123":6,"124":6,"125":6,"126":188,"127":188,"128":10,"129":10,"130":10,"131":10,"132":318,"133":0,"134":324,"135":332,"136":2},"f":{"0":6,"1":2,"2":318,"3":2,"4":426,"5":318,"6":344,"7":8,"8":4,"9":362,"10":460,"11":362,"12":32,"13":104,"14":104,"15":156,"16":150,"17":150,"18":104,"19":104,"20":100,"21":104,"22":4,"23":34,"24":2,"25":8,"26":6,"27":54,"28":50,"29":38,"30":30,"31":6,"32":188,"33":10,"34":318,"35":0,"36":324,"37":332},"b":{"0":[24,402],"1":[426,384,48],"2":[60,258],"3":[8,4],"4":[2,2],"5":[20,342],"6":[362,20],"7":[0,460],"8":[460,0],"9":[0,0],"10":[16,346],"11":[32,0],"12":[28,4],"13":[4,100],"14":[104,10,10],"15":[114,42],"16":[36,6],"17":[42,36,6],"18":[150,144],"19":[96,8],"20":[104,104],"21":[58,38],"22":[34,70],"23":[80,24],"24":[14,90],"25":[10,94],"26":[2,8],"27":[76,18],"28":[100,4],"29":[0,100],"30":[8,96],"31":[104,96],"32":[2,6],"33":[2,6],"34":[8,0],"35":[6,0],"36":[4,50],"37":[34,16],"38":[4,46],"39":[50,0],"40":[40,96],"41":[4,46],"42":[50,0],"43":[50,8],"44":[4,46],"45":[30,8],"46":[6,4],"47":[0,318],"48":[324,4,0],"49":[332,328,10]},"_coverageSchema":"43e27e138ebf9cfc5966b082cf9a028302ed4184","hash":"656c761335615c8130b7855890a6e6c979aa81b5"}
}
