TN:
SF:/home/jenkins/agent/workspace/lecule-amount-input_release_4.10/Components/cells-molecule-amount-input/release-4.10/cells-molecule-amount-input.js
FN:6,(anonymous_0)
FN:9,(anonymous_1)
FN:307,(anonymous_2)
FN:329,(anonymous_3)
FN:335,(anonymous_4)
FN:342,(anonymous_5)
FN:351,(anonymous_6)
FN:361,(anonymous_7)
FN:369,(anonymous_8)
FN:379,(anonymous_9)
FN:394,(anonymous_10)
FN:403,(anonymous_11)
FN:415,(anonymous_12)
FN:434,(anonymous_13)
FN:445,(anonymous_14)
FN:454,(anonymous_15)
FN:472,(anonymous_16)
FN:473,(anonymous_17)
FN:485,(anonymous_18)
FN:509,(anonymous_19)
FN:520,(anonymous_20)
FN:532,(anonymous_21)
FN:554,(anonymous_22)
FN:560,(anonymous_23)
FN:568,(anonymous_24)
FN:576,(anonymous_25)
FN:590,(anonymous_26)
FN:604,(anonymous_27)
FN:622,(anonymous_28)
FN:648,(anonymous_29)
FN:652,(anonymous_30)
FN:665,(anonymous_31)
FN:677,(anonymous_32)
FN:687,(anonymous_33)
FN:698,(anonymous_34)
FN:705,(anonymous_35)
FN:712,(anonymous_36)
FN:722,(anonymous_37)
FNF:38
FNH:37
FNDA:6,(anonymous_0)
FNDA:2,(anonymous_1)
FNDA:318,(anonymous_2)
FNDA:2,(anonymous_3)
FNDA:426,(anonymous_4)
FNDA:318,(anonymous_5)
FNDA:344,(anonymous_6)
FNDA:8,(anonymous_7)
FNDA:4,(anonymous_8)
FNDA:362,(anonymous_9)
FNDA:460,(anonymous_10)
FNDA:362,(anonymous_11)
FNDA:32,(anonymous_12)
FNDA:104,(anonymous_13)
FNDA:104,(anonymous_14)
FNDA:156,(anonymous_15)
FNDA:150,(anonymous_16)
FNDA:150,(anonymous_17)
FNDA:104,(anonymous_18)
FNDA:104,(anonymous_19)
FNDA:100,(anonymous_20)
FNDA:104,(anonymous_21)
FNDA:4,(anonymous_22)
FNDA:34,(anonymous_23)
FNDA:2,(anonymous_24)
FNDA:8,(anonymous_25)
FNDA:6,(anonymous_26)
FNDA:54,(anonymous_27)
FNDA:50,(anonymous_28)
FNDA:38,(anonymous_29)
FNDA:30,(anonymous_30)
FNDA:6,(anonymous_31)
FNDA:188,(anonymous_32)
FNDA:10,(anonymous_33)
FNDA:318,(anonymous_34)
FNDA:0,(anonymous_35)
FNDA:324,(anonymous_36)
FNDA:332,(anonymous_37)
DA:7,6
DA:10,2
DA:307,318
DA:330,2
DA:336,426
DA:337,24
DA:338,24
DA:343,318
DA:344,318
DA:345,60
DA:352,344
DA:353,344
DA:362,8
DA:370,4
DA:380,362
DA:381,20
DA:382,20
DA:384,342
DA:395,460
DA:404,362
DA:405,16
DA:407,362
DA:416,32
DA:417,32
DA:418,32
DA:419,32
DA:420,32
DA:421,28
DA:423,32
DA:435,104
DA:436,104
DA:437,104
DA:438,104
DA:439,104
DA:446,104
DA:447,4
DA:455,156
DA:456,156
DA:457,114
DA:458,114
DA:459,114
DA:460,42
DA:461,36
DA:462,36
DA:463,36
DA:464,36
DA:473,150
DA:474,150
DA:486,104
DA:489,104
DA:490,96
DA:491,96
DA:492,96
DA:493,58
DA:495,96
DA:497,8
DA:499,104
DA:500,104
DA:510,104
DA:511,104
DA:512,104
DA:513,104
DA:514,104
DA:515,10
DA:517,94
DA:519,104
DA:520,100
DA:521,100
DA:522,0
DA:524,100
DA:533,104
DA:534,104
DA:535,8
DA:536,2
DA:538,8
DA:539,2
DA:542,104
DA:549,104
DA:555,4
DA:561,34
DA:569,2
DA:570,2
DA:577,8
DA:578,8
DA:579,8
DA:580,8
DA:591,6
DA:592,6
DA:593,6
DA:594,6
DA:605,54
DA:606,4
DA:609,50
DA:611,50
DA:612,50
DA:613,50
DA:614,50
DA:615,4
DA:618,50
DA:619,50
DA:621,50
DA:622,50
DA:623,50
DA:624,50
DA:625,34
DA:627,50
DA:628,136
DA:629,40
DA:631,96
DA:634,50
DA:637,50
DA:638,4
DA:641,50
DA:649,38
DA:650,38
DA:651,30
DA:652,30
DA:654,38
DA:655,38
DA:656,38
DA:666,6
DA:667,6
DA:668,6
DA:678,188
DA:679,188
DA:688,10
DA:689,10
DA:690,10
DA:691,10
DA:699,318
DA:706,0
DA:713,324
DA:723,332
DA:726,2
LF:134
LH:132
BRDA:336,0,0,24
BRDA:336,0,1,402
BRDA:336,1,0,426
BRDA:336,1,1,384
BRDA:336,1,2,48
BRDA:344,2,0,60
BRDA:344,2,1,258
BRDA:362,3,0,8
BRDA:362,3,1,4
BRDA:370,4,0,2
BRDA:370,4,1,2
BRDA:380,5,0,20
BRDA:380,5,1,342
BRDA:380,6,0,362
BRDA:380,6,1,20
BRDA:395,7,0,0
BRDA:395,7,1,460
BRDA:395,8,0,460
BRDA:395,8,1,0
BRDA:395,9,0,0
BRDA:395,9,1,0
BRDA:404,10,0,16
BRDA:404,10,1,346
BRDA:417,11,0,32
BRDA:417,11,1,0
BRDA:420,12,0,28
BRDA:420,12,1,4
BRDA:446,13,0,4
BRDA:446,13,1,100
BRDA:446,14,0,104
BRDA:446,14,1,10
BRDA:446,14,2,10
BRDA:456,15,0,114
BRDA:456,15,1,42
BRDA:460,16,0,36
BRDA:460,16,1,6
BRDA:460,17,0,42
BRDA:460,17,1,36
BRDA:460,17,2,6
BRDA:474,18,0,150
BRDA:474,18,1,144
BRDA:489,19,0,96
BRDA:489,19,1,8
BRDA:489,20,0,104
BRDA:489,20,1,104
BRDA:492,21,0,58
BRDA:492,21,1,38
BRDA:510,22,0,34
BRDA:510,22,1,70
BRDA:511,23,0,80
BRDA:511,23,1,24
BRDA:512,24,0,14
BRDA:512,24,1,90
BRDA:514,25,0,10
BRDA:514,25,1,94
BRDA:515,26,0,2
BRDA:515,26,1,8
BRDA:517,27,0,76
BRDA:517,27,1,18
BRDA:519,28,0,100
BRDA:519,28,1,4
BRDA:521,29,0,0
BRDA:521,29,1,100
BRDA:534,30,0,8
BRDA:534,30,1,96
BRDA:534,31,0,104
BRDA:534,31,1,96
BRDA:535,32,0,2
BRDA:535,32,1,6
BRDA:538,33,0,2
BRDA:538,33,1,6
BRDA:577,34,0,8
BRDA:577,34,1,0
BRDA:591,35,0,6
BRDA:591,35,1,0
BRDA:605,36,0,4
BRDA:605,36,1,50
BRDA:609,37,0,34
BRDA:609,37,1,16
BRDA:614,38,0,4
BRDA:614,38,1,46
BRDA:621,39,0,50
BRDA:621,39,1,0
BRDA:628,40,0,40
BRDA:628,40,1,96
BRDA:634,41,0,4
BRDA:634,41,1,46
BRDA:634,42,0,50
BRDA:634,42,1,0
BRDA:634,43,0,50
BRDA:634,43,1,8
BRDA:637,44,0,4
BRDA:637,44,1,46
BRDA:650,45,0,30
BRDA:650,45,1,8
BRDA:691,46,0,6
BRDA:691,46,1,4
BRDA:699,47,0,0
BRDA:699,47,1,318
BRDA:713,48,0,324
BRDA:713,48,1,4
BRDA:713,48,2,0
BRDA:723,49,0,332
BRDA:723,49,1,328
BRDA:723,49,2,10
BRF:105
BRH:93
end_of_record
