{"/home/jenkins/agent/workspace/_cells-select-modal_release_3.15/Components/cells-select-modal/release-3.15/cells-select-modal.js": {"path":"/home/jenkins/agent/workspace/_cells-select-modal_release_3.15/Components/cells-select-modal/release-3.15/cells-select-modal.js","statementMap":{"0":{"start":{"line":6,"column":4},"end":{"line":6,"column":32}},"1":{"start":{"line":10,"column":4},"end":{"line":92,"column":6}},"2":{"start":{"line":99,"column":4},"end":{"line":108,"column":5}},"3":{"start":{"line":100,"column":6},"end":{"line":107,"column":10}},"4":{"start":{"line":115,"column":4},"end":{"line":117,"column":5}},"5":{"start":{"line":116,"column":6},"end":{"line":116,"column":37}},"6":{"start":{"line":121,"column":0},"end":{"line":121,"column":61}}},"fnMap":{"0":{"name":"(anonymous_0)","decl":{"start":{"line":5,"column":2},"end":{"line":5,"column":3}},"loc":{"start":{"line":5,"column":18},"end":{"line":7,"column":3}},"line":5},"1":{"name":"(anonymous_1)","decl":{"start":{"line":9,"column":2},"end":{"line":9,"column":3}},"loc":{"start":{"line":9,"column":26},"end":{"line":93,"column":3}},"line":9},"2":{"name":"(anonymous_2)","decl":{"start":{"line":98,"column":2},"end":{"line":98,"column":3}},"loc":{"start":{"line":98,"column":31},"end":{"line":109,"column":3}},"line":98},"3":{"name":"(anonymous_3)","decl":{"start":{"line":114,"column":2},"end":{"line":114,"column":3}},"loc":{"start":{"line":114,"column":18},"end":{"line":118,"column":3}},"line":114}},"branchMap":{"0":{"loc":{"start":{"line":99,"column":4},"end":{"line":108,"column":5}},"type":"if","locations":[{"start":{"line":99,"column":4},"end":{"line":108,"column":5}},{"start":{"line":99,"column":4},"end":{"line":108,"column":5}}],"line":99},"1":{"loc":{"start":{"line":99,"column":8},"end":{"line":99,"column":48}},"type":"binary-expr","locations":[{"start":{"line":99,"column":8},"end":{"line":99,"column":30}},{"start":{"line":99,"column":34},"end":{"line":99,"column":48}}],"line":99},"2":{"loc":{"start":{"line":115,"column":4},"end":{"line":117,"column":5}},"type":"if","locations":[{"start":{"line":115,"column":4},"end":{"line":117,"column":5}},{"start":{"line":115,"column":4},"end":{"line":117,"column":5}}],"line":115}},"s":{"0":6,"1":2,"2":6,"3":4,"4":6,"5":4,"6":2},"f":{"0":6,"1":2,"2":6,"3":6},"b":{"0":[4,2],"1":[6,4],"2":[4,2]},"_coverageSchema":"43e27e138ebf9cfc5966b082cf9a028302ed4184","hash":"001b35cb2a8f83ddc47fde05e3c9491d8af61392"}
}
