{"/home/jenkins/agent/workspace/message-change-data_release_1.11/Components/cells-icon-message-change-data/release-1.11/cells-icon-message-change-data.js": {"path":"/home/jenkins/agent/workspace/message-change-data_release_1.11/Components/cells-icon-message-change-data/release-1.11/cells-icon-message-change-data.js","statementMap":{"0":{"start":{"line":4,"column":6},"end":{"line":4,"column":13}},"1":{"start":{"line":33,"column":6},"end":{"line":33,"column":46}},"2":{"start":{"line":37,"column":6},"end":{"line":127,"column":8}},"3":{"start":{"line":131,"column":6},"end":{"line":134,"column":10}},"4":{"start":{"line":142,"column":6},"end":{"line":145,"column":13}},"5":{"start":{"line":149,"column":2},"end":{"line":149,"column":83}}},"fnMap":{"0":{"name":"(anonymous_0)","decl":{"start":{"line":32,"column":4},"end":{"line":32,"column":5}},"loc":{"start":{"line":32,"column":20},"end":{"line":34,"column":5}},"line":32},"1":{"name":"(anonymous_1)","decl":{"start":{"line":36,"column":4},"end":{"line":36,"column":5}},"loc":{"start":{"line":36,"column":28},"end":{"line":128,"column":5}},"line":36},"2":{"name":"(anonymous_2)","decl":{"start":{"line":130,"column":4},"end":{"line":130,"column":5}},"loc":{"start":{"line":130,"column":25},"end":{"line":135,"column":5}},"line":130},"3":{"name":"(anonymous_3)","decl":{"start":{"line":141,"column":4},"end":{"line":141,"column":5}},"loc":{"start":{"line":141,"column":29},"end":{"line":146,"column":5}},"line":141}},"branchMap":{"0":{"loc":{"start":{"line":141,"column":14},"end":{"line":141,"column":27}},"type":"default-arg","locations":[{"start":{"line":141,"column":25},"end":{"line":141,"column":27}}],"line":141},"1":{"loc":{"start":{"line":142,"column":13},"end":{"line":145,"column":12}},"type":"cond-expr","locations":[{"start":{"line":142,"column":24},"end":{"line":145,"column":7}},{"start":{"line":145,"column":10},"end":{"line":145,"column":12}}],"line":142}},"s":{"0":2,"1":6,"2":2,"3":2,"4":16,"5":2},"f":{"0":6,"1":2,"2":2,"3":16},"b":{"0":[2],"1":[12,4]},"_coverageSchema":"43e27e138ebf9cfc5966b082cf9a028302ed4184","hash":"0de8bb3c18369afa3a748d3a27427cbb9ce569b7"}
}
