{"/Users/idscomercial/Sites/Mantenimiento BD Glomo/LOCAL MX/cells-step-input-message/cells-step-input-message.js": {"path":"/Users/idscomercial/Sites/Mantenimiento BD Glomo/LOCAL MX/cells-step-input-message/cells-step-input-message.js","statementMap":{"0":{"start":{"line":33,"column":6},"end":{"line":33,"column":40}},"1":{"start":{"line":37,"column":6},"end":{"line":448,"column":8}},"2":{"start":{"line":343,"column":23},"end":{"line":343,"column":25}},"3":{"start":{"line":452,"column":6},"end":{"line":452,"column":55}},"4":{"start":{"line":453,"column":6},"end":{"line":457,"column":7}},"5":{"start":{"line":454,"column":8},"end":{"line":456,"column":11}},"6":{"start":{"line":461,"column":6},"end":{"line":461,"column":42}},"7":{"start":{"line":470,"column":6},"end":{"line":475,"column":7}},"8":{"start":{"line":471,"column":8},"end":{"line":471,"column":146}},"9":{"start":{"line":472,"column":8},"end":{"line":472,"column":59}},"10":{"start":{"line":474,"column":8},"end":{"line":474,"column":78}},"11":{"start":{"line":476,"column":6},"end":{"line":476,"column":30}},"12":{"start":{"line":484,"column":19},"end":{"line":484,"column":29}},"13":{"start":{"line":485,"column":6},"end":{"line":488,"column":7}},"14":{"start":{"line":486,"column":8},"end":{"line":486,"column":29}},"15":{"start":{"line":487,"column":8},"end":{"line":487,"column":34}},"16":{"start":{"line":489,"column":6},"end":{"line":491,"column":7}},"17":{"start":{"line":490,"column":8},"end":{"line":490,"column":44}},"18":{"start":{"line":492,"column":6},"end":{"line":494,"column":9}},"19":{"start":{"line":495,"column":6},"end":{"line":499,"column":10}},"20":{"start":{"line":508,"column":6},"end":{"line":508,"column":101}},"21":{"start":{"line":517,"column":6},"end":{"line":519,"column":7}},"22":{"start":{"line":518,"column":8},"end":{"line":518,"column":54}},"23":{"start":{"line":527,"column":6},"end":{"line":527,"column":24}},"24":{"start":{"line":535,"column":33},"end":{"line":535,"column":38}},"25":{"start":{"line":536,"column":24},"end":{"line":536,"column":75}},"26":{"start":{"line":537,"column":6},"end":{"line":537,"column":46}},"27":{"start":{"line":538,"column":6},"end":{"line":543,"column":9}},"28":{"start":{"line":547,"column":6},"end":{"line":547,"column":32}},"29":{"start":{"line":556,"column":6},"end":{"line":556,"column":48}},"30":{"start":{"line":563,"column":6},"end":{"line":565,"column":7}},"31":{"start":{"line":564,"column":8},"end":{"line":564,"column":24}},"32":{"start":{"line":566,"column":6},"end":{"line":570,"column":10}},"33":{"start":{"line":578,"column":6},"end":{"line":578,"column":65}},"34":{"start":{"line":585,"column":6},"end":{"line":588,"column":9}},"35":{"start":{"line":592,"column":2},"end":{"line":592,"column":73}}},"fnMap":{"0":{"name":"(anonymous_0)","decl":{"start":{"line":32,"column":4},"end":{"line":32,"column":5}},"loc":{"start":{"line":32,"column":20},"end":{"line":34,"column":5}},"line":32},"1":{"name":"(anonymous_1)","decl":{"start":{"line":36,"column":4},"end":{"line":36,"column":5}},"loc":{"start":{"line":36,"column":28},"end":{"line":449,"column":5}},"line":36},"2":{"name":"(anonymous_2)","decl":{"start":{"line":343,"column":17},"end":{"line":343,"column":18}},"loc":{"start":{"line":343,"column":23},"end":{"line":343,"column":25}},"line":343},"3":{"name":"(anonymous_3)","decl":{"start":{"line":451,"column":4},"end":{"line":451,"column":5}},"loc":{"start":{"line":451,"column":12},"end":{"line":458,"column":5}},"line":451},"4":{"name":"(anonymous_4)","decl":{"start":{"line":460,"column":4},"end":{"line":460,"column":5}},"loc":{"start":{"line":460,"column":32},"end":{"line":462,"column":5}},"line":460},"5":{"name":"(anonymous_5)","decl":{"start":{"line":468,"column":4},"end":{"line":468,"column":5}},"loc":{"start":{"line":468,"column":14},"end":{"line":477,"column":5}},"line":468},"6":{"name":"(anonymous_6)","decl":{"start":{"line":483,"column":4},"end":{"line":483,"column":5}},"loc":{"start":{"line":483,"column":20},"end":{"line":500,"column":5}},"line":483},"7":{"name":"(anonymous_7)","decl":{"start":{"line":507,"column":4},"end":{"line":507,"column":5}},"loc":{"start":{"line":507,"column":82},"end":{"line":509,"column":5}},"line":507},"8":{"name":"(anonymous_8)","decl":{"start":{"line":516,"column":4},"end":{"line":516,"column":5}},"loc":{"start":{"line":516,"column":35},"end":{"line":520,"column":5}},"line":516},"9":{"name":"(anonymous_9)","decl":{"start":{"line":526,"column":4},"end":{"line":526,"column":5}},"loc":{"start":{"line":526,"column":24},"end":{"line":528,"column":5}},"line":526},"10":{"name":"(anonymous_10)","decl":{"start":{"line":534,"column":4},"end":{"line":534,"column":5}},"loc":{"start":{"line":534,"column":29},"end":{"line":544,"column":5}},"line":534},"11":{"name":"(anonymous_11)","decl":{"start":{"line":546,"column":4},"end":{"line":546,"column":5}},"loc":{"start":{"line":546,"column":15},"end":{"line":548,"column":5}},"line":546},"12":{"name":"(anonymous_12)","decl":{"start":{"line":555,"column":4},"end":{"line":555,"column":5}},"loc":{"start":{"line":555,"column":49},"end":{"line":557,"column":5}},"line":555},"13":{"name":"(anonymous_13)","decl":{"start":{"line":562,"column":4},"end":{"line":562,"column":5}},"loc":{"start":{"line":562,"column":23},"end":{"line":571,"column":5}},"line":562},"14":{"name":"(anonymous_14)","decl":{"start":{"line":577,"column":4},"end":{"line":577,"column":5}},"loc":{"start":{"line":577,"column":66},"end":{"line":579,"column":5}},"line":577},"15":{"name":"(anonymous_15)","decl":{"start":{"line":584,"column":4},"end":{"line":584,"column":5}},"loc":{"start":{"line":584,"column":17},"end":{"line":589,"column":5}},"line":584}},"branchMap":{"0":{"loc":{"start":{"line":452,"column":19},"end":{"line":452,"column":54}},"type":"cond-expr","locations":[{"start":{"line":452,"column":40},"end":{"line":452,"column":42}},{"start":{"line":452,"column":45},"end":{"line":452,"column":54}}],"line":452},"1":{"loc":{"start":{"line":453,"column":6},"end":{"line":457,"column":7}},"type":"if","locations":[{"start":{"line":453,"column":6},"end":{"line":457,"column":7}},{"start":{"line":453,"column":6},"end":{"line":457,"column":7}}],"line":453},"2":{"loc":{"start":{"line":461,"column":13},"end":{"line":461,"column":41}},"type":"cond-expr","locations":[{"start":{"line":461,"column":24},"end":{"line":461,"column":32}},{"start":{"line":461,"column":35},"end":{"line":461,"column":41}}],"line":461},"3":{"loc":{"start":{"line":470,"column":6},"end":{"line":475,"column":7}},"type":"if","locations":[{"start":{"line":470,"column":6},"end":{"line":475,"column":7}},{"start":{"line":470,"column":6},"end":{"line":475,"column":7}}],"line":470},"4":{"loc":{"start":{"line":471,"column":27},"end":{"line":471,"column":145}},"type":"binary-expr","locations":[{"start":{"line":471,"column":27},"end":{"line":471,"column":51}},{"start":{"line":471,"column":55},"end":{"line":471,"column":90}},{"start":{"line":471,"column":94},"end":{"line":471,"column":145}}],"line":471},"5":{"loc":{"start":{"line":474,"column":27},"end":{"line":474,"column":77}},"type":"cond-expr","locations":[{"start":{"line":474,"column":43},"end":{"line":474,"column":70}},{"start":{"line":474,"column":73},"end":{"line":474,"column":77}}],"line":474},"6":{"loc":{"start":{"line":474,"column":46},"end":{"line":474,"column":62}},"type":"binary-expr","locations":[{"start":{"line":474,"column":46},"end":{"line":474,"column":56}},{"start":{"line":474,"column":60},"end":{"line":474,"column":62}}],"line":474},"7":{"loc":{"start":{"line":485,"column":6},"end":{"line":488,"column":7}},"type":"if","locations":[{"start":{"line":485,"column":6},"end":{"line":488,"column":7}},{"start":{"line":485,"column":6},"end":{"line":488,"column":7}}],"line":485},"8":{"loc":{"start":{"line":489,"column":6},"end":{"line":491,"column":7}},"type":"if","locations":[{"start":{"line":489,"column":6},"end":{"line":491,"column":7}},{"start":{"line":489,"column":6},"end":{"line":491,"column":7}}],"line":489},"9":{"loc":{"start":{"line":508,"column":13},"end":{"line":508,"column":100}},"type":"cond-expr","locations":[{"start":{"line":508,"column":50},"end":{"line":508,"column":62}},{"start":{"line":508,"column":65},"end":{"line":508,"column":100}}],"line":508},"10":{"loc":{"start":{"line":508,"column":65},"end":{"line":508,"column":100}},"type":"binary-expr","locations":[{"start":{"line":508,"column":65},"end":{"line":508,"column":77}},{"start":{"line":508,"column":81},"end":{"line":508,"column":100}}],"line":508},"11":{"loc":{"start":{"line":517,"column":6},"end":{"line":519,"column":7}},"type":"if","locations":[{"start":{"line":517,"column":6},"end":{"line":519,"column":7}},{"start":{"line":517,"column":6},"end":{"line":519,"column":7}}],"line":517},"12":{"loc":{"start":{"line":536,"column":24},"end":{"line":536,"column":75}},"type":"binary-expr","locations":[{"start":{"line":536,"column":24},"end":{"line":536,"column":51}},{"start":{"line":536,"column":55},"end":{"line":536,"column":75}}],"line":536},"13":{"loc":{"start":{"line":536,"column":25},"end":{"line":536,"column":41}},"type":"binary-expr","locations":[{"start":{"line":536,"column":25},"end":{"line":536,"column":35}},{"start":{"line":536,"column":39},"end":{"line":536,"column":41}}],"line":536},"14":{"loc":{"start":{"line":556,"column":13},"end":{"line":556,"column":47}},"type":"cond-expr","locations":[{"start":{"line":556,"column":34},"end":{"line":556,"column":42}},{"start":{"line":556,"column":45},"end":{"line":556,"column":47}}],"line":556},"15":{"loc":{"start":{"line":563,"column":6},"end":{"line":565,"column":7}},"type":"if","locations":[{"start":{"line":563,"column":6},"end":{"line":565,"column":7}},{"start":{"line":563,"column":6},"end":{"line":565,"column":7}}],"line":563}},"s":{"0":6,"1":2,"2":50,"3":8,"4":8,"5":2,"6":60,"7":72,"8":7,"9":7,"10":65,"11":72,"12":8,"13":8,"14":4,"15":4,"16":8,"17":2,"18":8,"19":8,"20":132,"21":60,"22":4,"23":26,"24":10,"25":10,"26":10,"27":10,"28":2,"29":52,"30":3,"31":2,"32":3,"33":0,"34":2,"35":2},"f":{"0":6,"1":2,"2":50,"3":8,"4":60,"5":72,"6":8,"7":132,"8":60,"9":26,"10":10,"11":2,"12":52,"13":3,"14":0,"15":2},"b":{"0":[4,4],"1":[2,6],"2":[10,50],"3":[7,65],"4":[7,5,2],"5":[22,43],"6":[22,2],"7":[4,4],"8":[2,6],"9":[16,116],"10":[116,12],"11":[4,56],"12":[10,8],"13":[10,0],"14":[50,2],"15":[2,1]},"_coverageSchema":"43e27e138ebf9cfc5966b082cf9a028302ed4184","hash":"34fd9f7ffc7b0e6f8fe38c87d1da84829acaf1c9"}
}
