TN:
SF:/Users/idscomercial/Sites/Mantenimiento BD Glomo/LOCAL MX/cells-step-input-message/cells-step-input-message.js
FN:32,(anonymous_0)
FN:36,(anonymous_1)
FN:343,(anonymous_2)
FN:451,(anonymous_3)
FN:460,(anonymous_4)
FN:468,(anonymous_5)
FN:483,(anonymous_6)
FN:507,(anonymous_7)
FN:516,(anonymous_8)
FN:526,(anonymous_9)
FN:534,(anonymous_10)
FN:546,(anonymous_11)
FN:555,(anonymous_12)
FN:562,(anonymous_13)
FN:577,(anonymous_14)
FN:584,(anonymous_15)
FNF:16
FNH:15
FNDA:6,(anonymous_0)
FNDA:2,(anonymous_1)
FNDA:50,(anonymous_2)
FNDA:8,(anonymous_3)
FNDA:60,(anonymous_4)
FNDA:72,(anonymous_5)
FNDA:8,(anonymous_6)
FNDA:132,(anonymous_7)
FNDA:60,(anonymous_8)
FNDA:26,(anonymous_9)
FNDA:10,(anonymous_10)
FNDA:2,(anonymous_11)
FNDA:52,(anonymous_12)
FNDA:3,(anonymous_13)
FNDA:0,(anonymous_14)
FNDA:2,(anonymous_15)
DA:33,6
DA:37,2
DA:343,50
DA:452,8
DA:453,8
DA:454,2
DA:461,60
DA:470,72
DA:471,7
DA:472,7
DA:474,65
DA:476,72
DA:484,8
DA:485,8
DA:486,4
DA:487,4
DA:489,8
DA:490,2
DA:492,8
DA:495,8
DA:508,132
DA:517,60
DA:518,4
DA:527,26
DA:535,10
DA:536,10
DA:537,10
DA:538,10
DA:547,2
DA:556,52
DA:563,3
DA:564,2
DA:566,3
DA:578,0
DA:585,2
DA:592,2
LF:36
LH:35
BRDA:452,0,0,4
BRDA:452,0,1,4
BRDA:453,1,0,2
BRDA:453,1,1,6
BRDA:461,2,0,10
BRDA:461,2,1,50
BRDA:470,3,0,7
BRDA:470,3,1,65
BRDA:471,4,0,7
BRDA:471,4,1,5
BRDA:471,4,2,2
BRDA:474,5,0,22
BRDA:474,5,1,43
BRDA:474,6,0,22
BRDA:474,6,1,2
BRDA:485,7,0,4
BRDA:485,7,1,4
BRDA:489,8,0,2
BRDA:489,8,1,6
BRDA:508,9,0,16
BRDA:508,9,1,116
BRDA:508,10,0,116
BRDA:508,10,1,12
BRDA:517,11,0,4
BRDA:517,11,1,56
BRDA:536,12,0,10
BRDA:536,12,1,8
BRDA:536,13,0,10
BRDA:536,13,1,0
BRDA:556,14,0,50
BRDA:556,14,1,2
BRDA:563,15,0,2
BRDA:563,15,1,1
BRF:33
BRH:32
end_of_record
